<?xml version="1.0" ?>
<!DOCTYPE coverage
  SYSTEM 'http://cobertura.sourceforge.net/xml/coverage-03.dtd'>
<coverage branch-rate="0" line-rate="0.3849" timestamp="1330558164796" version="3.5.1">
	<!-- Generated by coverage.py: http://nedbatchelder.com/code/coverage -->
	<packages>
		<package branch-rate="0" complexity="0" line-rate="0.8594" name=".">
			<classes>
				<class branch-rate="0" complexity="0" filename="shinken_test.py" line-rate="0.7786" name="shinken_test">
					<methods/>
					<lines>
						<line hits="1" number="7"/>
						<line hits="1" number="8"/>
						<line hits="1" number="9"/>
						<line hits="1" number="10"/>
						<line hits="1" number="11"/>
						<line hits="1" number="12"/>
						<line hits="1" number="13"/>
						<line hits="1" number="14"/>
						<line hits="1" number="16"/>
						<line hits="1" number="17"/>
						<line hits="1" number="22"/>
						<line hits="1" number="23"/>
						<line hits="1" number="24"/>
						<line hits="1" number="25"/>
						<line hits="1" number="27"/>
						<line hits="1" number="28"/>
						<line hits="1" number="29"/>
						<line hits="1" number="30"/>
						<line hits="1" number="31"/>
						<line hits="1" number="32"/>
						<line hits="1" number="33"/>
						<line hits="1" number="34"/>
						<line hits="1" number="35"/>
						<line hits="1" number="36"/>
						<line hits="1" number="37"/>
						<line hits="1" number="38"/>
						<line hits="1" number="39"/>
						<line hits="1" number="40"/>
						<line hits="1" number="41"/>
						<line hits="1" number="42"/>
						<line hits="1" number="44"/>
						<line hits="1" number="46"/>
						<line hits="1" number="47"/>
						<line hits="1" number="48"/>
						<line hits="1" number="51"/>
						<line hits="1" number="52"/>
						<line hits="1" number="53"/>
						<line hits="1" number="54"/>
						<line hits="1" number="55"/>
						<line hits="1" number="56"/>
						<line hits="1" number="58"/>
						<line hits="1" number="59"/>
						<line hits="1" number="60"/>
						<line hits="1" number="61"/>
						<line hits="1" number="68"/>
						<line hits="1" number="69"/>
						<line hits="1" number="70"/>
						<line hits="1" number="72"/>
						<line hits="1" number="73"/>
						<line hits="1" number="74"/>
						<line hits="1" number="76"/>
						<line hits="1" number="77"/>
						<line hits="1" number="79"/>
						<line hits="1" number="80"/>
						<line hits="1" number="82"/>
						<line hits="1" number="83"/>
						<line hits="1" number="85"/>
						<line hits="1" number="86"/>
						<line hits="1" number="98"/>
						<line hits="1" number="99"/>
						<line hits="1" number="102"/>
						<line hits="1" number="103"/>
						<line hits="0" number="104"/>
						<line hits="1" number="106"/>
						<line hits="1" number="108"/>
						<line hits="1" number="109"/>
						<line hits="1" number="110"/>
						<line hits="1" number="111"/>
						<line hits="1" number="112"/>
						<line hits="1" number="113"/>
						<line hits="1" number="114"/>
						<line hits="1" number="115"/>
						<line hits="1" number="116"/>
						<line hits="1" number="117"/>
						<line hits="1" number="118"/>
						<line hits="1" number="119"/>
						<line hits="1" number="120"/>
						<line hits="1" number="121"/>
						<line hits="1" number="122"/>
						<line hits="1" number="123"/>
						<line hits="1" number="124"/>
						<line hits="1" number="125"/>
						<line hits="1" number="126"/>
						<line hits="1" number="127"/>
						<line hits="1" number="128"/>
						<line hits="1" number="129"/>
						<line hits="1" number="130"/>
						<line hits="1" number="131"/>
						<line hits="1" number="132"/>
						<line hits="1" number="133"/>
						<line hits="1" number="134"/>
						<line hits="1" number="135"/>
						<line hits="1" number="136"/>
						<line hits="1" number="137"/>
						<line hits="1" number="138"/>
						<line hits="1" number="139"/>
						<line hits="1" number="140"/>
						<line hits="1" number="141"/>
						<line hits="1" number="142"/>
						<line hits="1" number="143"/>
						<line hits="1" number="144"/>
						<line hits="1" number="146"/>
						<line hits="1" number="147"/>
						<line hits="1" number="149"/>
						<line hits="1" number="151"/>
						<line hits="1" number="152"/>
						<line hits="1" number="153"/>
						<line hits="1" number="154"/>
						<line hits="1" number="155"/>
						<line hits="1" number="156"/>
						<line hits="1" number="157"/>
						<line hits="1" number="158"/>
						<line hits="1" number="159"/>
						<line hits="1" number="160"/>
						<line hits="1" number="163"/>
						<line hits="1" number="164"/>
						<line hits="1" number="165"/>
						<line hits="1" number="166"/>
						<line hits="0" number="167"/>
						<line hits="0" number="168"/>
						<line hits="1" number="171"/>
						<line hits="1" number="173"/>
						<line hits="1" number="174"/>
						<line hits="1" number="177"/>
						<line hits="1" number="178"/>
						<line hits="1" number="180"/>
						<line hits="1" number="186"/>
						<line hits="1" number="188"/>
						<line hits="1" number="189"/>
						<line hits="1" number="190"/>
						<line hits="1" number="191"/>
						<line hits="1" number="192"/>
						<line hits="1" number="195"/>
						<line hits="1" number="196"/>
						<line hits="1" number="197"/>
						<line hits="1" number="198"/>
						<line hits="1" number="199"/>
						<line hits="1" number="200"/>
						<line hits="1" number="201"/>
						<line hits="1" number="202"/>
						<line hits="1" number="203"/>
						<line hits="1" number="204"/>
						<line hits="1" number="205"/>
						<line hits="1" number="206"/>
						<line hits="1" number="207"/>
						<line hits="1" number="208"/>
						<line hits="1" number="209"/>
						<line hits="1" number="210"/>
						<line hits="1" number="211"/>
						<line hits="1" number="212"/>
						<line hits="1" number="213"/>
						<line hits="1" number="215"/>
						<line hits="0" number="216"/>
						<line hits="1" number="219"/>
						<line hits="1" number="220"/>
						<line hits="1" number="221"/>
						<line hits="1" number="222"/>
						<line hits="1" number="223"/>
						<line hits="1" number="227"/>
						<line hits="1" number="229"/>
						<line hits="1" number="230"/>
						<line hits="1" number="231"/>
						<line hits="1" number="232"/>
						<line hits="1" number="233"/>
						<line hits="1" number="234"/>
						<line hits="1" number="238"/>
						<line hits="0" number="239"/>
						<line hits="0" number="240"/>
						<line hits="0" number="241"/>
						<line hits="0" number="242"/>
						<line hits="0" number="243"/>
						<line hits="1" number="246"/>
						<line hits="1" number="247"/>
						<line hits="1" number="248"/>
						<line hits="1" number="249"/>
						<line hits="1" number="250"/>
						<line hits="0" number="251"/>
						<line hits="1" number="253"/>
						<line hits="1" number="254"/>
						<line hits="0" number="255"/>
						<line hits="0" number="256"/>
						<line hits="1" number="257"/>
						<line hits="1" number="260"/>
						<line hits="0" number="261"/>
						<line hits="0" number="262"/>
						<line hits="1" number="265"/>
						<line hits="0" number="266"/>
						<line hits="0" number="267"/>
						<line hits="1" number="270"/>
						<line hits="0" number="271"/>
						<line hits="1" number="274"/>
						<line hits="0" number="275"/>
						<line hits="1" number="278"/>
						<line hits="0" number="279"/>
						<line hits="0" number="280"/>
						<line hits="0" number="281"/>
						<line hits="0" number="282"/>
						<line hits="0" number="283"/>
						<line hits="0" number="284"/>
						<line hits="1" number="287"/>
						<line hits="0" number="288"/>
						<line hits="1" number="291"/>
						<line hits="0" number="293"/>
						<line hits="0" number="294"/>
						<line hits="0" number="296"/>
						<line hits="0" number="297"/>
						<line hits="0" number="298"/>
						<line hits="0" number="299"/>
						<line hits="0" number="300"/>
						<line hits="0" number="301"/>
						<line hits="0" number="302"/>
						<line hits="0" number="303"/>
						<line hits="0" number="304"/>
						<line hits="1" number="307"/>
						<line hits="0" number="308"/>
						<line hits="0" number="309"/>
						<line hits="0" number="310"/>
						<line hits="0" number="311"/>
						<line hits="0" number="312"/>
						<line hits="0" number="313"/>
						<line hits="1" number="316"/>
						<line hits="0" number="317"/>
						<line hits="0" number="318"/>
						<line hits="0" number="319"/>
						<line hits="0" number="320"/>
						<line hits="0" number="321"/>
						<line hits="0" number="322"/>
						<line hits="0" number="323"/>
						<line hits="1" number="327"/>
						<line hits="1" number="328"/>
						<line hits="1" number="329"/>
						<line hits="1" number="330"/>
						<line hits="1" number="335"/>
						<line hits="0" number="336"/>
						<line hits="0" number="337"/>
						<line hits="1" number="340"/>
						<line hits="0" number="342"/>
						<line hits="0" number="349"/>
						<line hits="0" number="350"/>
						<line hits="0" number="351"/>
						<line hits="0" number="353"/>
						<line hits="0" number="354"/>
						<line hits="0" number="355"/>
						<line hits="0" number="357"/>
						<line hits="1" number="359"/>
						<line hits="0" number="360"/>
						<line hits="0" number="361"/>
						<line hits="1" number="365"/>
						<line hits="1" number="366"/>
						<line hits="1" number="367"/>
						<line hits="1" number="376"/>
						<line hits="1" number="382"/>
						<line hits="1" number="383"/>
						<line hits="1" number="384"/>
						<line hits="1" number="387"/>
						<line hits="1" number="390"/>
						<line hits="1" number="391"/>
						<line hits="1" number="392"/>
						<line hits="1" number="394"/>
						<line hits="1" number="395"/>
						<line hits="1" number="396"/>
						<line hits="1" number="397"/>
						<line hits="1" number="398"/>
						<line hits="1" number="399"/>
						<line hits="1" number="400"/>
						<line hits="1" number="401"/>
						<line hits="1" number="402"/>
						<line hits="1" number="403"/>
						<line hits="1" number="404"/>
						<line hits="1" number="405"/>
						<line hits="1" number="406"/>
						<line hits="1" number="407"/>
						<line hits="1" number="408"/>
						<line hits="1" number="409"/>
						<line hits="1" number="412"/>
						<line hits="1" number="413"/>
						<line hits="1" number="414"/>
						<line hits="1" number="417"/>
						<line hits="1" number="421"/>
						<line hits="0" number="422"/>
					</lines>
				</class>
				<class branch-rate="0" complexity="0" filename="test_livestatus_cache.py" line-rate="0.96" name="test_livestatus_cache">
					<methods/>
					<lines>
						<line hits="1" number="1"/>
						<line hits="1" number="2"/>
						<line hits="1" number="4"/>
						<line hits="0" number="5"/>
						<line hits="0" number="6"/>
						<line hits="1" number="9"/>
						<line hits="1" number="10"/>
						<line hits="1" number="12"/>
						<line hits="1" number="13"/>
						<line hits="1" number="14"/>
						<line hits="1" number="15"/>
						<line hits="1" number="19"/>
						<line hits="0" number="20"/>
						<line hits="1" number="21"/>
						<line hits="1" number="22"/>
						<line hits="1" number="24"/>
						<line hits="1" number="26"/>
						<line hits="1" number="27"/>
						<line hits="1" number="28"/>
						<line hits="1" number="29"/>
						<line hits="1" number="30"/>
						<line hits="1" number="31"/>
						<line hits="1" number="32"/>
						<line hits="1" number="33"/>
						<line hits="1" number="34"/>
						<line hits="1" number="35"/>
						<line hits="1" number="36"/>
						<line hits="1" number="39"/>
						<line hits="1" number="40"/>
						<line hits="1" number="42"/>
						<line hits="1" number="43"/>
						<line hits="1" number="44"/>
						<line hits="1" number="45"/>
						<line hits="1" number="46"/>
						<line hits="1" number="47"/>
						<line hits="1" number="48"/>
						<line hits="1" number="49"/>
						<line hits="1" number="50"/>
						<line hits="1" number="51"/>
						<line hits="0" number="52"/>
						<line hits="1" number="53"/>
						<line hits="0" number="54"/>
						<line hits="1" number="55"/>
						<line hits="0" number="56"/>
						<line hits="1" number="57"/>
						<line hits="0" number="58"/>
						<line hits="1" number="59"/>
						<line hits="1" number="63"/>
						<line hits="1" number="64"/>
						<line hits="1" number="65"/>
						<line hits="1" number="66"/>
						<line hits="1" number="67"/>
						<line hits="1" number="68"/>
						<line hits="1" number="69"/>
						<line hits="1" number="70"/>
						<line hits="1" number="71"/>
						<line hits="1" number="72"/>
						<line hits="1" number="73"/>
						<line hits="1" number="74"/>
						<line hits="1" number="75"/>
						<line hits="1" number="76"/>
						<line hits="1" number="77"/>
						<line hits="1" number="78"/>
						<line hits="1" number="79"/>
						<line hits="1" number="80"/>
						<line hits="1" number="81"/>
						<line hits="1" number="82"/>
						<line hits="1" number="83"/>
						<line hits="1" number="85"/>
						<line hits="1" number="89"/>
						<line hits="1" number="90"/>
						<line hits="1" number="92"/>
						<line hits="1" number="93"/>
						<line hits="1" number="95"/>
						<line hits="1" number="102"/>
						<line hits="1" number="103"/>
						<line hits="1" number="104"/>
						<line hits="1" number="107"/>
						<line hits="1" number="108"/>
						<line hits="1" number="109"/>
						<line hits="1" number="110"/>
						<line hits="1" number="111"/>
						<line hits="1" number="112"/>
						<line hits="1" number="114"/>
						<line hits="1" number="115"/>
						<line hits="1" number="116"/>
						<line hits="1" number="117"/>
						<line hits="1" number="119"/>
						<line hits="1" number="120"/>
						<line hits="1" number="122"/>
						<line hits="1" number="123"/>
						<line hits="1" number="124"/>
						<line hits="1" number="125"/>
						<line hits="1" number="126"/>
						<line hits="1" number="127"/>
						<line hits="1" number="129"/>
						<line hits="1" number="136"/>
						<line hits="1" number="137"/>
						<line hits="1" number="138"/>
						<line hits="1" number="139"/>
						<line hits="1" number="140"/>
						<line hits="1" number="142"/>
						<line hits="1" number="144"/>
						<line hits="1" number="145"/>
						<line hits="1" number="146"/>
						<line hits="1" number="147"/>
						<line hits="1" number="148"/>
						<line hits="1" number="149"/>
						<line hits="1" number="150"/>
						<line hits="1" number="151"/>
						<line hits="1" number="152"/>
						<line hits="1" number="153"/>
						<line hits="1" number="155"/>
						<line hits="1" number="156"/>
						<line hits="1" number="157"/>
						<line hits="1" number="158"/>
						<line hits="1" number="159"/>
						<line hits="1" number="160"/>
						<line hits="1" number="161"/>
						<line hits="1" number="162"/>
						<line hits="1" number="163"/>
						<line hits="1" number="164"/>
						<line hits="1" number="180"/>
						<line hits="1" number="181"/>
						<line hits="1" number="182"/>
						<line hits="1" number="184"/>
						<line hits="1" number="185"/>
						<line hits="1" number="186"/>
						<line hits="1" number="187"/>
						<line hits="1" number="188"/>
						<line hits="1" number="189"/>
						<line hits="1" number="196"/>
						<line hits="1" number="198"/>
						<line hits="1" number="199"/>
						<line hits="1" number="200"/>
						<line hits="1" number="201"/>
						<line hits="1" number="202"/>
						<line hits="1" number="209"/>
						<line hits="1" number="210"/>
						<line hits="1" number="211"/>
						<line hits="1" number="212"/>
						<line hits="1" number="213"/>
						<line hits="1" number="214"/>
						<line hits="1" number="221"/>
						<line hits="1" number="222"/>
						<line hits="1" number="223"/>
						<line hits="1" number="224"/>
						<line hits="1" number="225"/>
						<line hits="1" number="226"/>
						<line hits="1" number="231"/>
						<line hits="1" number="232"/>
						<line hits="1" number="233"/>
						<line hits="1" number="237"/>
						<line hits="1" number="238"/>
						<line hits="1" number="239"/>
						<line hits="1" number="242"/>
						<line hits="1" number="243"/>
						<line hits="1" number="246"/>
						<line hits="1" number="247"/>
						<line hits="1" number="248"/>
						<line hits="1" number="251"/>
						<line hits="1" number="252"/>
						<line hits="1" number="255"/>
						<line hits="1" number="256"/>
						<line hits="1" number="257"/>
						<line hits="1" number="258"/>
						<line hits="1" number="259"/>
						<line hits="1" number="260"/>
						<line hits="1" number="261"/>
						<line hits="1" number="262"/>
						<line hits="1" number="263"/>
						<line hits="1" number="264"/>
						<line hits="1" number="265"/>
						<line hits="1" number="266"/>
						<line hits="1" number="271"/>
						<line hits="1" number="291"/>
						<line hits="1" number="292"/>
						<line hits="1" number="293"/>
						<line hits="1" number="294"/>
						<line hits="1" number="295"/>
						<line hits="1" number="296"/>
						<line hits="1" number="297"/>
						<line hits="1" number="298"/>
						<line hits="1" number="299"/>
						<line hits="1" number="300"/>
						<line hits="1" number="301"/>
						<line hits="1" number="302"/>
						<line hits="1" number="303"/>
						<line hits="1" number="304"/>
						<line hits="1" number="305"/>
						<line hits="1" number="306"/>
						<line hits="1" number="307"/>
						<line hits="1" number="308"/>
						<line hits="1" number="309"/>
						<line hits="1" number="310"/>
						<line hits="1" number="311"/>
						<line hits="1" number="312"/>
						<line hits="1" number="313"/>
						<line hits="1" number="314"/>
						<line hits="1" number="315"/>
						<line hits="1" number="316"/>
						<line hits="1" number="317"/>
						<line hits="1" number="318"/>
						<line hits="1" number="319"/>
						<line hits="1" number="320"/>
						<line hits="1" number="321"/>
						<line hits="1" number="322"/>
						<line hits="1" number="323"/>
						<line hits="1" number="324"/>
						<line hits="1" number="325"/>
						<line hits="1" number="326"/>
						<line hits="1" number="327"/>
						<line hits="1" number="328"/>
						<line hits="1" number="329"/>
						<line hits="1" number="330"/>
						<line hits="1" number="331"/>
						<line hits="1" number="332"/>
						<line hits="1" number="333"/>
						<line hits="1" number="334"/>
						<line hits="1" number="335"/>
						<line hits="1" number="336"/>
						<line hits="1" number="337"/>
						<line hits="1" number="344"/>
						<line hits="0" number="346"/>
						<line hits="0" number="347"/>
					</lines>
				</class>
			</classes>
		</package>
		<package branch-rate="0" complexity="0" line-rate="0.3275" name=".home.tcohen.projet_communautaire.shinken.shinken.shinken">
			<classes>
				<class branch-rate="0" complexity="0" filename="/home/tcohen/projet_communautaire/shinken/shinken/shinken/__init__.py" line-rate="1" name="__init__">
					<methods/>
					<lines>
						<line hits="1" number="25"/>
					</lines>
				</class>
				<class branch-rate="0" complexity="0" filename="/home/tcohen/projet_communautaire/shinken/shinken/shinken/acknowledge.py" line-rate="0.25" name="acknowledge">
					<methods/>
					<lines>
						<line hits="1" number="25"/>
						<line hits="1" number="32"/>
						<line hits="1" number="33"/>
						<line hits="1" number="37"/>
						<line hits="1" number="66"/>
						<line hits="0" number="68"/>
						<line hits="0" number="69"/>
						<line hits="0" number="70"/>
						<line hits="0" number="71"/>
						<line hits="0" number="72"/>
						<line hits="0" number="73"/>
						<line hits="0" number="74"/>
						<line hits="0" number="75"/>
						<line hits="1" number="79"/>
						<line hits="0" number="80"/>
						<line hits="0" number="82"/>
						<line hits="0" number="83"/>
						<line hits="0" number="84"/>
						<line hits="0" number="85"/>
						<line hits="0" number="86"/>
						<line hits="1" number="89"/>
						<line hits="0" number="90"/>
						<line hits="0" number="91"/>
						<line hits="0" number="92"/>
						<line hits="0" number="93"/>
						<line hits="0" number="94"/>
						<line hits="0" number="96"/>
						<line hits="0" number="97"/>
					</lines>
				</class>
				<class branch-rate="0" complexity="0" filename="/home/tcohen/projet_communautaire/shinken/shinken/shinken/action.py" line-rate="0.2913" name="action">
					<methods/>
					<lines>
						<line hits="1" number="24"/>
						<line hits="1" number="25"/>
						<line hits="1" number="26"/>
						<line hits="1" number="27"/>
						<line hits="1" number="28"/>
						<line hits="1" number="29"/>
						<line hits="1" number="31"/>
						<line hits="1" number="32"/>
						<line hits="1" number="34"/>
						<line hits="1" number="36"/>
						<line hits="1" number="38"/>
						<line hits="1" number="41"/>
						<line hits="1" number="45"/>
						<line hits="1" number="50"/>
						<line hits="1" number="56"/>
						<line hits="0" number="57"/>
						<line hits="0" number="58"/>
						<line hits="0" number="59"/>
						<line hits="0" number="60"/>
						<line hits="1" number="65"/>
						<line hits="0" number="66"/>
						<line hits="0" number="67"/>
						<line hits="0" number="68"/>
						<line hits="0" number="69"/>
						<line hits="0" number="71"/>
						<line hits="0" number="73"/>
						<line hits="1" number="75"/>
						<line hits="1" number="79"/>
						<line hits="1" number="81"/>
						<line hits="1" number="83"/>
						<line hits="1" number="85"/>
						<line hits="1" number="87"/>
						<line hits="1" number="89"/>
						<line hits="0" number="90"/>
						<line hits="1" number="93"/>
						<line hits="1" number="94"/>
						<line hits="1" number="95"/>
						<line hits="0" number="97"/>
						<line hits="0" number="98"/>
						<line hits="0" number="100"/>
						<line hits="0" number="102"/>
						<line hits="0" number="103"/>
						<line hits="0" number="104"/>
						<line hits="0" number="105"/>
						<line hits="1" number="107"/>
						<line hits="1" number="110"/>
						<line hits="0" number="115"/>
						<line hits="0" number="116"/>
						<line hits="0" number="117"/>
						<line hits="0" number="119"/>
						<line hits="0" number="120"/>
						<line hits="0" number="121"/>
						<line hits="0" number="124"/>
						<line hits="0" number="125"/>
						<line hits="0" number="126"/>
						<line hits="0" number="127"/>
						<line hits="0" number="128"/>
						<line hits="0" number="130"/>
						<line hits="0" number="131"/>
						<line hits="0" number="134"/>
						<line hits="0" number="138"/>
						<line hits="0" number="139"/>
						<line hits="0" number="140"/>
						<line hits="0" number="144"/>
						<line hits="0" number="145"/>
						<line hits="0" number="147"/>
						<line hits="0" number="149"/>
						<line hits="0" number="150"/>
						<line hits="1" number="152"/>
						<line hits="1" number="154"/>
						<line hits="1" number="155"/>
						<line hits="1" number="156"/>
						<line hits="1" number="158"/>
						<line hits="0" number="159"/>
						<line hits="0" number="160"/>
						<line hits="0" number="161"/>
						<line hits="0" number="162"/>
						<line hits="1" number="168"/>
						<line hits="1" number="170"/>
						<line hits="1" number="175"/>
						<line hits="0" number="178"/>
						<line hits="0" number="184"/>
						<line hits="0" number="185"/>
						<line hits="0" number="187"/>
						<line hits="0" number="188"/>
						<line hits="0" number="189"/>
						<line hits="0" number="190"/>
						<line hits="0" number="191"/>
						<line hits="0" number="192"/>
						<line hits="0" number="193"/>
						<line hits="0" number="194"/>
						<line hits="0" number="202"/>
						<line hits="0" number="203"/>
						<line hits="0" number="207"/>
						<line hits="0" number="208"/>
						<line hits="0" number="210"/>
						<line hits="0" number="211"/>
						<line hits="0" number="212"/>
						<line hits="0" number="213"/>
						<line hits="0" number="214"/>
						<line hits="0" number="215"/>
						<line hits="0" number="218"/>
						<line hits="0" number="219"/>
						<line hits="1" number="221"/>
						<line hits="0" number="224"/>
						<line hits="0" number="228"/>
						<line hits="0" number="229"/>
						<line hits="0" number="231"/>
						<line hits="0" number="232"/>
						<line hits="0" number="235"/>
						<line hits="0" number="236"/>
						<line hits="0" number="238"/>
						<line hits="0" number="239"/>
						<line hits="0" number="240"/>
						<line hits="0" number="241"/>
						<line hits="0" number="242"/>
						<line hits="0" number="243"/>
						<line hits="0" number="244"/>
						<line hits="0" number="245"/>
						<line hits="0" number="247"/>
						<line hits="0" number="248"/>
						<line hits="0" number="250"/>
						<line hits="0" number="251"/>
						<line hits="0" number="252"/>
						<line hits="0" number="253"/>
						<line hits="0" number="255"/>
						<line hits="0" number="256"/>
					</lines>
				</class>
				<class branch-rate="0" complexity="0" filename="/home/tcohen/projet_communautaire/shinken/shinken/shinken/arbiterlink.py" line-rate="0.3704" name="arbiterlink">
					<methods/>
					<lines>
						<line hits="1" number="24"/>
						<line hits="1" number="26"/>
						<line hits="1" number="27"/>
						<line hits="1" number="28"/>
						<line hits="1" number="29"/>
						<line hits="1" number="31"/>
						<line hits="1" number="35"/>
						<line hits="1" number="36"/>
						<line hits="1" number="37"/>
						<line hits="1" number="38"/>
						<line hits="1" number="39"/>
						<line hits="1" number="45"/>
						<line hits="0" number="46"/>
						<line hits="1" number="49"/>
						<line hits="0" number="50"/>
						<line hits="1" number="55"/>
						<line hits="1" number="56"/>
						<line hits="1" number="57"/>
						<line hits="1" number="59"/>
						<line hits="1" number="60"/>
						<line hits="0" number="63"/>
						<line hits="0" number="64"/>
						<line hits="1" number="65"/>
						<line hits="1" number="69"/>
						<line hits="0" number="70"/>
						<line hits="0" number="71"/>
						<line hits="1" number="74"/>
						<line hits="0" number="75"/>
						<line hits="1" number="78"/>
						<line hits="0" number="79"/>
						<line hits="0" number="80"/>
						<line hits="0" number="81"/>
						<line hits="0" number="82"/>
						<line hits="0" number="83"/>
						<line hits="0" number="84"/>
						<line hits="0" number="85"/>
						<line hits="0" number="86"/>
						<line hits="0" number="87"/>
						<line hits="0" number="88"/>
						<line hits="0" number="89"/>
						<line hits="1" number="91"/>
						<line hits="0" number="92"/>
						<line hits="0" number="93"/>
						<line hits="0" number="94"/>
						<line hits="0" number="95"/>
						<line hits="0" number="96"/>
						<line hits="0" number="97"/>
						<line hits="0" number="98"/>
						<line hits="0" number="99"/>
						<line hits="0" number="100"/>
						<line hits="0" number="101"/>
						<line hits="0" number="102"/>
						<line hits="1" number="104"/>
						<line hits="0" number="105"/>
						<line hits="0" number="106"/>
						<line hits="0" number="107"/>
						<line hits="0" number="108"/>
						<line hits="0" number="109"/>
						<line hits="0" number="110"/>
						<line hits="0" number="111"/>
						<line hits="0" number="112"/>
						<line hits="0" number="113"/>
						<line hits="0" number="114"/>
						<line hits="0" number="115"/>
						<line hits="1" number="118"/>
						<line hits="0" number="119"/>
						<line hits="0" number="120"/>
						<line hits="0" number="121"/>
						<line hits="0" number="122"/>
						<line hits="0" number="123"/>
						<line hits="0" number="124"/>
						<line hits="0" number="125"/>
						<line hits="0" number="126"/>
						<line hits="0" number="127"/>
						<line hits="0" number="128"/>
						<line hits="0" number="129"/>
						<line hits="1" number="134"/>
						<line hits="1" number="135"/>
						<line hits="1" number="136"/>
						<line hits="1" number="140"/>
						<line hits="1" number="141"/>
					</lines>
				</class>
				<class branch-rate="0" complexity="0" filename="/home/tcohen/projet_communautaire/shinken/shinken/shinken/autoslots.py" line-rate="1" name="autoslots">
					<methods/>
					<lines>
						<line hits="1" number="25"/>
						<line hits="1" number="32"/>
						<line hits="1" number="41"/>
						<line hits="1" number="43"/>
						<line hits="1" number="45"/>
						<line hits="1" number="46"/>
						<line hits="1" number="47"/>
						<line hits="1" number="49"/>
						<line hits="1" number="50"/>
						<line hits="1" number="51"/>
						<line hits="1" number="53"/>
						<line hits="1" number="54"/>
					</lines>
				</class>
				<class branch-rate="0" complexity="0" filename="/home/tcohen/projet_communautaire/shinken/shinken/shinken/basemodule.py" line-rate="0.505" name="basemodule">
					<methods/>
					<lines>
						<line hits="1" number="25"/>
						<line hits="1" number="28"/>
						<line hits="1" number="29"/>
						<line hits="1" number="30"/>
						<line hits="1" number="31"/>
						<line hits="1" number="33"/>
						<line hits="1" number="53"/>
						<line hits="1" number="66"/>
						<line hits="1" number="68"/>
						<line hits="1" number="69"/>
						<line hits="1" number="70"/>
						<line hits="1" number="71"/>
						<line hits="1" number="82"/>
						<line hits="1" number="85"/>
						<line hits="1" number="88"/>
						<line hits="1" number="89"/>
						<line hits="1" number="91"/>
						<line hits="1" number="92"/>
						<line hits="1" number="94"/>
						<line hits="1" number="95"/>
						<line hits="1" number="96"/>
						<line hits="1" number="98"/>
						<line hits="1" number="99"/>
						<line hits="1" number="101"/>
						<line hits="1" number="103"/>
						<line hits="1" number="104"/>
						<line hits="1" number="105"/>
						<line hits="1" number="109"/>
						<line hits="0" number="110"/>
						<line hits="1" number="115"/>
						<line hits="1" number="117"/>
						<line hits="1" number="119"/>
						<line hits="1" number="120"/>
						<line hits="1" number="121"/>
						<line hits="0" number="123"/>
						<line hits="0" number="124"/>
						<line hits="1" number="128"/>
						<line hits="1" number="129"/>
						<line hits="1" number="130"/>
						<line hits="0" number="132"/>
						<line hits="0" number="133"/>
						<line hits="0" number="134"/>
						<line hits="1" number="138"/>
						<line hits="1" number="141"/>
						<line hits="0" number="143"/>
						<line hits="0" number="144"/>
						<line hits="0" number="145"/>
						<line hits="0" number="146"/>
						<line hits="0" number="147"/>
						<line hits="0" number="152"/>
						<line hits="0" number="153"/>
						<line hits="0" number="154"/>
						<line hits="0" number="155"/>
						<line hits="0" number="157"/>
						<line hits="0" number="159"/>
						<line hits="0" number="160"/>
						<line hits="0" number="161"/>
						<line hits="1" number="166"/>
						<line hits="0" number="167"/>
						<line hits="0" number="168"/>
						<line hits="0" number="171"/>
						<line hits="0" number="172"/>
						<line hits="0" number="174"/>
						<line hits="0" number="175"/>
						<line hits="1" number="178"/>
						<line hits="0" number="179"/>
						<line hits="0" number="180"/>
						<line hits="0" number="181"/>
						<line hits="0" number="182"/>
						<line hits="0" number="183"/>
						<line hits="0" number="184"/>
						<line hits="0" number="185"/>
						<line hits="0" number="186"/>
						<line hits="1" number="191"/>
						<line hits="1" number="192"/>
						<line hits="1" number="195"/>
						<line hits="0" number="196"/>
						<line hits="1" number="201"/>
						<line hits="0" number="203"/>
						<line hits="0" number="204"/>
						<line hits="0" number="205"/>
						<line hits="1" number="208"/>
						<line hits="0" number="209"/>
						<line hits="1" number="211"/>
						<line hits="0" number="212"/>
						<line hits="0" number="213"/>
						<line hits="0" number="215"/>
						<line hits="0" number="216"/>
						<line hits="1" number="218"/>
						<line hits="1" number="223"/>
						<line hits="0" number="224"/>
						<line hits="1" number="227"/>
						<line hits="0" number="228"/>
						<line hits="1" number="231"/>
						<line hits="0" number="232"/>
						<line hits="0" number="233"/>
						<line hits="0" number="234"/>
						<line hits="0" number="235"/>
						<line hits="0" number="236"/>
						<line hits="0" number="237"/>
						<line hits="1" number="240"/>
					</lines>
				</class>
				<class branch-rate="0" complexity="0" filename="/home/tcohen/projet_communautaire/shinken/shinken/shinken/bin.py" line-rate="0.6364" name="bin">
					<methods/>
					<lines>
						<line hits="1" number="25"/>
						<line hits="1" number="31"/>
						<line hits="1" number="33"/>
						<line hits="1" number="36"/>
						<line hits="0" number="37"/>
						<line hits="1" number="38"/>
						<line hits="0" number="39"/>
						<line hits="1" number="41"/>
						<line hits="1" number="42"/>
						<line hits="0" number="43"/>
						<line hits="0" number="44"/>
					</lines>
				</class>
				<class branch-rate="0" complexity="0" filename="/home/tcohen/projet_communautaire/shinken/shinken/shinken/borg.py" line-rate="1" name="borg">
					<methods/>
					<lines>
						<line hits="1" number="25"/>
						<line hits="1" number="26"/>
						<line hits="1" number="27"/>
						<line hits="1" number="28"/>
						<line hits="1" number="30"/>
					</lines>
				</class>
				<class branch-rate="0" complexity="0" filename="/home/tcohen/projet_communautaire/shinken/shinken/shinken/brok.py" line-rate="0.9167" name="brok">
					<methods/>
					<lines>
						<line hits="1" number="24"/>
						<line hits="1" number="28"/>
						<line hits="1" number="29"/>
						<line hits="1" number="30"/>
						<line hits="1" number="31"/>
						<line hits="1" number="32"/>
						<line hits="1" number="33"/>
						<line hits="1" number="34"/>
						<line hits="1" number="35"/>
						<line hits="1" number="36"/>
						<line hits="1" number="39"/>
						<line hits="0" number="40"/>
					</lines>
				</class>
				<class branch-rate="0" complexity="0" filename="/home/tcohen/projet_communautaire/shinken/shinken/shinken/brokerlink.py" line-rate="0.9286" name="brokerlink">
					<methods/>
					<lines>
						<line hits="1" number="25"/>
						<line hits="1" number="26"/>
						<line hits="1" number="29"/>
						<line hits="1" number="30"/>
						<line hits="1" number="31"/>
						<line hits="1" number="32"/>
						<line hits="1" number="33"/>
						<line hits="1" number="39"/>
						<line hits="0" number="40"/>
						<line hits="1" number="43"/>
						<line hits="1" number="44"/>
						<line hits="1" number="50"/>
						<line hits="1" number="51"/>
						<line hits="1" number="52"/>
					</lines>
				</class>
				<class branch-rate="0" complexity="0" filename="/home/tcohen/projet_communautaire/shinken/shinken/shinken/check.py" line-rate="0.9423" name="check">
					<methods/>
					<lines>
						<line hits="1" number="25"/>
						<line hits="1" number="26"/>
						<line hits="1" number="27"/>
						<line hits="1" number="30"/>
						<line hits="1" number="33"/>
						<line hits="1" number="36"/>
						<line hits="1" number="38"/>
						<line hits="1" number="63"/>
						<line hits="1" number="66"/>
						<line hits="1" number="67"/>
						<line hits="1" number="68"/>
						<line hits="1" number="69"/>
						<line hits="1" number="70"/>
						<line hits="1" number="71"/>
						<line hits="1" number="72"/>
						<line hits="1" number="73"/>
						<line hits="1" number="74"/>
						<line hits="1" number="75"/>
						<line hits="1" number="76"/>
						<line hits="1" number="77"/>
						<line hits="1" number="78"/>
						<line hits="1" number="80"/>
						<line hits="1" number="81"/>
						<line hits="1" number="82"/>
						<line hits="1" number="83"/>
						<line hits="1" number="85"/>
						<line hits="1" number="86"/>
						<line hits="1" number="87"/>
						<line hits="1" number="88"/>
						<line hits="1" number="89"/>
						<line hits="1" number="90"/>
						<line hits="1" number="91"/>
						<line hits="1" number="92"/>
						<line hits="1" number="94"/>
						<line hits="1" number="96"/>
						<line hits="0" number="97"/>
						<line hits="1" number="99"/>
						<line hits="1" number="104"/>
						<line hits="1" number="106"/>
						<line hits="1" number="109"/>
						<line hits="1" number="110"/>
						<line hits="1" number="111"/>
						<line hits="1" number="112"/>
						<line hits="1" number="113"/>
						<line hits="1" number="114"/>
						<line hits="1" number="115"/>
						<line hits="1" number="118"/>
						<line hits="1" number="119"/>
						<line hits="1" number="122"/>
						<line hits="0" number="123"/>
						<line hits="1" number="126"/>
						<line hits="0" number="127"/>
					</lines>
				</class>
				<class branch-rate="0" complexity="0" filename="/home/tcohen/projet_communautaire/shinken/shinken/shinken/commandcall.py" line-rate="0.6667" name="commandcall">
					<methods/>
					<lines>
						<line hits="1" number="24"/>
						<line hits="1" number="25"/>
						<line hits="1" number="33"/>
						<line hits="1" number="34"/>
						<line hits="1" number="40"/>
						<line hits="1" number="43"/>
						<line hits="1" number="47"/>
						<line hits="1" number="48"/>
						<line hits="1" number="50"/>
						<line hits="1" number="61"/>
						<line hits="1" number="62"/>
						<line hits="1" number="63"/>
						<line hits="1" number="64"/>
						<line hits="1" number="66"/>
						<line hits="1" number="70"/>
						<line hits="1" number="71"/>
						<line hits="1" number="72"/>
						<line hits="0" number="74"/>
						<line hits="1" number="75"/>
						<line hits="1" number="78"/>
						<line hits="1" number="79"/>
						<line hits="1" number="80"/>
						<line hits="1" number="81"/>
						<line hits="1" number="82"/>
						<line hits="1" number="84"/>
						<line hits="1" number="85"/>
						<line hits="1" number="89"/>
						<line hits="1" number="91"/>
						<line hits="1" number="92"/>
						<line hits="1" number="93"/>
						<line hits="1" number="95"/>
						<line hits="1" number="100"/>
						<line hits="1" number="101"/>
						<line hits="1" number="104"/>
						<line hits="0" number="105"/>
						<line hits="1" number="108"/>
						<line hits="1" number="109"/>
						<line hits="1" number="115"/>
						<line hits="0" number="116"/>
						<line hits="0" number="118"/>
						<line hits="0" number="119"/>
						<line hits="0" number="120"/>
						<line hits="0" number="121"/>
						<line hits="0" number="123"/>
						<line hits="1" number="127"/>
						<line hits="0" number="128"/>
						<line hits="0" number="131"/>
						<line hits="0" number="132"/>
						<line hits="0" number="133"/>
						<line hits="0" number="135"/>
						<line hits="0" number="136"/>
						<line hits="0" number="137"/>
						<line hits="0" number="138"/>
						<line hits="1" number="146"/>
						<line hits="0" number="147"/>
						<line hits="0" number="148"/>
						<line hits="0" number="149"/>
					</lines>
				</class>
				<class branch-rate="0" complexity="0" filename="/home/tcohen/projet_communautaire/shinken/shinken/shinken/comment.py" line-rate="0.1837" name="comment">
					<methods/>
					<lines>
						<line hits="1" number="24"/>
						<line hits="1" number="27"/>
						<line hits="1" number="28"/>
						<line hits="1" number="30"/>
						<line hits="1" number="54"/>
						<line hits="0" number="55"/>
						<line hits="0" number="56"/>
						<line hits="0" number="57"/>
						<line hits="0" number="58"/>
						<line hits="0" number="59"/>
						<line hits="0" number="60"/>
						<line hits="0" number="61"/>
						<line hits="0" number="64"/>
						<line hits="0" number="66"/>
						<line hits="0" number="68"/>
						<line hits="0" number="69"/>
						<line hits="0" number="70"/>
						<line hits="0" number="71"/>
						<line hits="1" number="74"/>
						<line hits="0" number="75"/>
						<line hits="1" number="80"/>
						<line hits="0" number="81"/>
						<line hits="0" number="83"/>
						<line hits="0" number="84"/>
						<line hits="0" number="85"/>
						<line hits="0" number="86"/>
						<line hits="0" number="87"/>
						<line hits="1" number="91"/>
						<line hits="0" number="92"/>
						<line hits="0" number="96"/>
						<line hits="0" number="97"/>
						<line hits="0" number="98"/>
						<line hits="0" number="100"/>
						<line hits="0" number="101"/>
						<line hits="0" number="102"/>
						<line hits="0" number="103"/>
						<line hits="0" number="106"/>
						<line hits="0" number="107"/>
						<line hits="1" number="113"/>
						<line hits="0" number="114"/>
						<line hits="0" number="118"/>
						<line hits="0" number="119"/>
						<line hits="0" number="120"/>
						<line hits="0" number="122"/>
						<line hits="0" number="123"/>
						<line hits="0" number="124"/>
						<line hits="0" number="125"/>
						<line hits="0" number="126"/>
						<line hits="0" number="127"/>
					</lines>
				</class>
				<class branch-rate="0" complexity="0" filename="/home/tcohen/projet_communautaire/shinken/shinken/shinken/contactdowntime.py" line-rate="0.2449" name="contactdowntime">
					<methods/>
					<lines>
						<line hits="1" number="26"/>
						<line hits="1" number="29"/>
						<line hits="1" number="30"/>
						<line hits="1" number="34"/>
						<line hits="1" number="55"/>
						<line hits="0" number="56"/>
						<line hits="0" number="57"/>
						<line hits="0" number="58"/>
						<line hits="0" number="59"/>
						<line hits="0" number="60"/>
						<line hits="0" number="61"/>
						<line hits="0" number="62"/>
						<line hits="0" number="63"/>
						<line hits="0" number="64"/>
						<line hits="1" number="69"/>
						<line hits="0" number="70"/>
						<line hits="0" number="71"/>
						<line hits="0" number="72"/>
						<line hits="0" number="73"/>
						<line hits="0" number="76"/>
						<line hits="0" number="77"/>
						<line hits="0" number="80"/>
						<line hits="0" number="81"/>
						<line hits="1" number="84"/>
						<line hits="0" number="85"/>
						<line hits="1" number="90"/>
						<line hits="0" number="91"/>
						<line hits="1" number="95"/>
						<line hits="0" number="96"/>
						<line hits="0" number="97"/>
						<line hits="1" number="101"/>
						<line hits="0" number="102"/>
						<line hits="0" number="103"/>
						<line hits="0" number="104"/>
						<line hits="1" number="110"/>
						<line hits="0" number="112"/>
						<line hits="0" number="114"/>
						<line hits="0" number="115"/>
						<line hits="0" number="116"/>
						<line hits="0" number="119"/>
						<line hits="0" number="120"/>
						<line hits="1" number="124"/>
						<line hits="0" number="125"/>
						<line hits="0" number="126"/>
						<line hits="0" number="127"/>
						<line hits="0" number="128"/>
						<line hits="0" number="129"/>
						<line hits="0" number="130"/>
						<line hits="0" number="131"/>
					</lines>
				</class>
				<class branch-rate="0" complexity="0" filename="/home/tcohen/projet_communautaire/shinken/shinken/shinken/daemon.py" line-rate="0.2783" name="daemon">
					<methods/>
					<lines>
						<line hits="1" number="25"/>
						<line hits="1" number="26"/>
						<line hits="1" number="27"/>
						<line hits="1" number="28"/>
						<line hits="1" number="29"/>
						<line hits="1" number="30"/>
						<line hits="1" number="31"/>
						<line hits="1" number="32"/>
						<line hits="1" number="35"/>
						<line hits="1" number="36"/>
						<line hits="1" number="37"/>
						<line hits="1" number="38"/>
						<line hits="1" number="39"/>
						<line hits="1" number="42"/>
						<line hits="1" number="43"/>
						<line hits="0" number="45"/>
						<line hits="1" number="47"/>
						<line hits="1" number="48"/>
						<line hits="1" number="50"/>
						<line hits="1" number="51"/>
						<line hits="1" number="52"/>
						<line hits="1" number="55"/>
						<line hits="1" number="56"/>
						<line hits="1" number="57"/>
						<line hits="1" number="58"/>
						<line hits="1" number="59"/>
						<line hits="1" number="60"/>
						<line hits="1" number="62"/>
						<line hits="1" number="63"/>
						<line hits="0" number="64"/>
						<line hits="0" number="66"/>
						<line hits="0" number="67"/>
						<line hits="0" number="68"/>
						<line hits="0" number="69"/>
						<line hits="1" number="75"/>
						<line hits="1" number="77"/>
						<line hits="1" number="78"/>
						<line hits="1" number="81"/>
						<line hits="1" number="85"/>
						<line hits="1" number="87"/>
						<line hits="1" number="89"/>
						<line hits="1" number="91"/>
						<line hits="1" number="92"/>
						<line hits="1" number="94"/>
						<line hits="0" number="95"/>
						<line hits="1" number="97"/>
						<line hits="0" number="98"/>
						<line hits="1" number="100"/>
						<line hits="0" number="101"/>
						<line hits="1" number="103"/>
						<line hits="0" number="104"/>
						<line hits="1" number="106"/>
						<line hits="0" number="107"/>
						<line hits="1" number="111"/>
						<line hits="0" number="112"/>
						<line hits="1" number="114"/>
						<line hits="1" number="117"/>
						<line hits="1" number="119"/>
						<line hits="1" number="142"/>
						<line hits="1" number="144"/>
						<line hits="1" number="146"/>
						<line hits="1" number="147"/>
						<line hits="1" number="148"/>
						<line hits="1" number="149"/>
						<line hits="1" number="150"/>
						<line hits="1" number="151"/>
						<line hits="1" number="152"/>
						<line hits="1" number="155"/>
						<line hits="1" number="156"/>
						<line hits="1" number="157"/>
						<line hits="1" number="158"/>
						<line hits="1" number="160"/>
						<line hits="1" number="163"/>
						<line hits="1" number="164"/>
						<line hits="1" number="166"/>
						<line hits="1" number="167"/>
						<line hits="1" number="170"/>
						<line hits="1" number="173"/>
						<line hits="1" number="177"/>
						<line hits="1" number="181"/>
						<line hits="1" number="183"/>
						<line hits="1" number="185"/>
						<line hits="1" number="186"/>
						<line hits="1" number="191"/>
						<line hits="0" number="192"/>
						<line hits="0" number="196"/>
						<line hits="0" number="197"/>
						<line hits="0" number="199"/>
						<line hits="0" number="200"/>
						<line hits="0" number="201"/>
						<line hits="0" number="202"/>
						<line hits="0" number="203"/>
						<line hits="1" number="206"/>
						<line hits="0" number="207"/>
						<line hits="0" number="208"/>
						<line hits="0" number="209"/>
						<line hits="0" number="210"/>
						<line hits="1" number="212"/>
						<line hits="0" number="213"/>
						<line hits="1" number="217"/>
						<line hits="0" number="218"/>
						<line hits="0" number="219"/>
						<line hits="0" number="221"/>
						<line hits="0" number="222"/>
						<line hits="0" number="223"/>
						<line hits="0" number="225"/>
						<line hits="0" number="226"/>
						<line hits="0" number="227"/>
						<line hits="1" number="229"/>
						<line hits="1" number="230"/>
						<line hits="1" number="231"/>
						<line hits="1" number="234"/>
						<line hits="0" number="235"/>
						<line hits="1" number="237"/>
						<line hits="0" number="238"/>
						<line hits="0" number="239"/>
						<line hits="0" number="240"/>
						<line hits="0" number="241"/>
						<line hits="0" number="242"/>
						<line hits="0" number="243"/>
						<line hits="0" number="244"/>
						<line hits="1" number="248"/>
						<line hits="0" number="249"/>
						<line hits="0" number="250"/>
						<line hits="0" number="253"/>
						<line hits="0" number="254"/>
						<line hits="0" number="256"/>
						<line hits="1" number="259"/>
						<line hits="0" number="260"/>
						<line hits="0" number="261"/>
						<line hits="0" number="262"/>
						<line hits="0" number="263"/>
						<line hits="0" number="264"/>
						<line hits="1" number="267"/>
						<line hits="0" number="268"/>
						<line hits="0" number="269"/>
						<line hits="0" number="270"/>
						<line hits="0" number="271"/>
						<line hits="0" number="272"/>
						<line hits="1" number="275"/>
						<line hits="0" number="277"/>
						<line hits="0" number="278"/>
						<line hits="0" number="279"/>
						<line hits="0" number="280"/>
						<line hits="0" number="281"/>
						<line hits="0" number="282"/>
						<line hits="0" number="283"/>
						<line hits="1" number="286"/>
						<line hits="1" number="287"/>
						<line hits="1" number="288"/>
						<line hits="1" number="289"/>
						<line hits="1" number="291"/>
						<line hits="1" number="292"/>
						<line hits="0" number="293"/>
						<line hits="0" number="294"/>
						<line hits="1" number="296"/>
						<line hits="0" number="298"/>
						<line hits="0" number="299"/>
						<line hits="0" number="300"/>
						<line hits="0" number="302"/>
						<line hits="0" number="303"/>
						<line hits="0" number="305"/>
						<line hits="0" number="306"/>
						<line hits="0" number="307"/>
						<line hits="1" number="312"/>
						<line hits="0" number="316"/>
						<line hits="0" number="317"/>
						<line hits="0" number="318"/>
						<line hits="0" number="319"/>
						<line hits="0" number="322"/>
						<line hits="0" number="323"/>
						<line hits="0" number="324"/>
						<line hits="0" number="325"/>
						<line hits="0" number="326"/>
						<line hits="0" number="327"/>
						<line hits="0" number="329"/>
						<line hits="0" number="330"/>
						<line hits="0" number="331"/>
						<line hits="0" number="333"/>
						<line hits="0" number="334"/>
						<line hits="0" number="335"/>
						<line hits="0" number="336"/>
						<line hits="0" number="337"/>
						<line hits="0" number="338"/>
						<line hits="0" number="339"/>
						<line hits="0" number="341"/>
						<line hits="0" number="342"/>
						<line hits="0" number="344"/>
						<line hits="0" number="345"/>
						<line hits="0" number="346"/>
						<line hits="0" number="347"/>
						<line hits="0" number="348"/>
						<line hits="0" number="349"/>
						<line hits="0" number="351"/>
						<line hits="0" number="353"/>
						<line hits="0" number="356"/>
						<line hits="1" number="359"/>
						<line hits="0" number="360"/>
						<line hits="0" number="361"/>
						<line hits="0" number="362"/>
						<line hits="0" number="363"/>
						<line hits="0" number="364"/>
						<line hits="0" number="365"/>
						<line hits="0" number="366"/>
						<line hits="1" number="370"/>
						<line hits="0" number="373"/>
						<line hits="0" number="374"/>
						<line hits="0" number="375"/>
						<line hits="0" number="376"/>
						<line hits="0" number="379"/>
						<line hits="0" number="380"/>
						<line hits="0" number="381"/>
						<line hits="0" number="382"/>
						<line hits="0" number="383"/>
						<line hits="0" number="384"/>
						<line hits="1" number="388"/>
						<line hits="0" number="390"/>
						<line hits="0" number="391"/>
						<line hits="0" number="393"/>
						<line hits="0" number="394"/>
						<line hits="0" number="395"/>
						<line hits="0" number="397"/>
						<line hits="0" number="400"/>
						<line hits="0" number="402"/>
						<line hits="0" number="403"/>
						<line hits="0" number="406"/>
						<line hits="0" number="407"/>
						<line hits="0" number="408"/>
						<line hits="0" number="409"/>
						<line hits="0" number="410"/>
						<line hits="0" number="413"/>
						<line hits="0" number="414"/>
						<line hits="0" number="415"/>
						<line hits="0" number="416"/>
						<line hits="0" number="418"/>
						<line hits="0" number="419"/>
						<line hits="0" number="421"/>
						<line hits="0" number="422"/>
						<line hits="0" number="423"/>
						<line hits="0" number="424"/>
						<line hits="0" number="427"/>
						<line hits="0" number="428"/>
						<line hits="0" number="429"/>
						<line hits="0" number="430"/>
						<line hits="0" number="431"/>
						<line hits="0" number="432"/>
						<line hits="0" number="435"/>
						<line hits="0" number="436"/>
						<line hits="0" number="438"/>
						<line hits="0" number="439"/>
						<line hits="0" number="440"/>
						<line hits="0" number="441"/>
						<line hits="0" number="443"/>
						<line hits="0" number="444"/>
						<line hits="0" number="445"/>
						<line hits="1" number="448"/>
						<line hits="0" number="449"/>
						<line hits="0" number="450"/>
						<line hits="0" number="451"/>
						<line hits="0" number="452"/>
						<line hits="0" number="453"/>
						<line hits="0" number="455"/>
						<line hits="0" number="456"/>
						<line hits="0" number="457"/>
						<line hits="0" number="459"/>
						<line hits="0" number="460"/>
						<line hits="0" number="463"/>
						<line hits="0" number="464"/>
						<line hits="0" number="466"/>
						<line hits="0" number="470"/>
						<line hits="0" number="471"/>
						<line hits="0" number="473"/>
						<line hits="0" number="475"/>
						<line hits="1" number="479"/>
						<line hits="0" number="481"/>
						<line hits="0" number="482"/>
						<line hits="0" number="484"/>
						<line hits="0" number="487"/>
						<line hits="0" number="488"/>
						<line hits="0" number="489"/>
						<line hits="0" number="490"/>
						<line hits="0" number="491"/>
						<line hits="0" number="492"/>
						<line hits="0" number="493"/>
						<line hits="0" number="494"/>
						<line hits="0" number="495"/>
						<line hits="0" number="497"/>
						<line hits="0" number="501"/>
						<line hits="0" number="502"/>
						<line hits="0" number="503"/>
						<line hits="0" number="504"/>
						<line hits="0" number="505"/>
						<line hits="0" number="506"/>
						<line hits="0" number="508"/>
						<line hits="1" number="511"/>
						<line hits="0" number="512"/>
						<line hits="0" number="513"/>
						<line hits="0" number="514"/>
						<line hits="0" number="515"/>
						<line hits="0" number="516"/>
						<line hits="0" number="517"/>
						<line hits="0" number="518"/>
						<line hits="0" number="519"/>
						<line hits="1" number="522"/>
						<line hits="1" number="523"/>
						<line hits="1" number="530"/>
						<line hits="1" number="531"/>
						<line hits="1" number="532"/>
						<line hits="1" number="534"/>
						<line hits="1" number="535"/>
						<line hits="1" number="536"/>
						<line hits="1" number="538"/>
						<line hits="1" number="542"/>
						<line hits="0" number="544"/>
						<line hits="0" number="545"/>
						<line hits="0" number="547"/>
						<line hits="1" number="551"/>
						<line hits="0" number="552"/>
						<line hits="0" number="553"/>
						<line hits="0" number="554"/>
						<line hits="0" number="555"/>
						<line hits="0" number="556"/>
						<line hits="1" number="560"/>
						<line hits="0" number="561"/>
						<line hits="0" number="562"/>
						<line hits="0" number="563"/>
						<line hits="0" number="564"/>
						<line hits="0" number="565"/>
						<line hits="1" number="569"/>
						<line hits="0" number="570"/>
						<line hits="0" number="571"/>
						<line hits="0" number="573"/>
						<line hits="0" number="574"/>
						<line hits="0" number="575"/>
						<line hits="0" number="578"/>
						<line hits="0" number="579"/>
						<line hits="0" number="580"/>
						<line hits="0" number="582"/>
						<line hits="0" number="583"/>
						<line hits="0" number="584"/>
						<line hits="0" number="585"/>
						<line hits="0" number="586"/>
						<line hits="0" number="587"/>
						<line hits="0" number="588"/>
						<line hits="0" number="590"/>
						<line hits="0" number="591"/>
						<line hits="0" number="592"/>
						<line hits="0" number="593"/>
						<line hits="0" number="594"/>
						<line hits="0" number="595"/>
						<line hits="0" number="597"/>
						<line hits="0" number="598"/>
						<line hits="0" number="599"/>
						<line hits="0" number="600"/>
						<line hits="0" number="601"/>
						<line hits="0" number="602"/>
						<line hits="1" number="607"/>
						<line hits="0" number="608"/>
						<line hits="0" number="609"/>
						<line hits="0" number="610"/>
						<line hits="0" number="611"/>
						<line hits="0" number="612"/>
						<line hits="0" number="613"/>
						<line hits="0" number="614"/>
						<line hits="0" number="615"/>
						<line hits="0" number="616"/>
						<line hits="0" number="617"/>
						<line hits="0" number="618"/>
						<line hits="0" number="620"/>
						<line hits="0" number="622"/>
						<line hits="0" number="623"/>
						<line hits="0" number="624"/>
						<line hits="0" number="625"/>
						<line hits="1" number="630"/>
						<line hits="0" number="632"/>
						<line hits="0" number="633"/>
						<line hits="0" number="634"/>
						<line hits="0" number="635"/>
						<line hits="0" number="636"/>
						<line hits="0" number="637"/>
						<line hits="0" number="639"/>
						<line hits="0" number="640"/>
						<line hits="1" number="644"/>
						<line hits="0" number="645"/>
						<line hits="0" number="646"/>
						<line hits="0" number="647"/>
						<line hits="0" number="649"/>
						<line hits="1" number="652"/>
						<line hits="1" number="653"/>
						<line hits="1" number="654"/>
						<line hits="0" number="655"/>
						<line hits="0" number="656"/>
						<line hits="0" number="657"/>
						<line hits="0" number="658"/>
						<line hits="0" number="659"/>
						<line hits="0" number="660"/>
						<line hits="1" number="662"/>
						<line hits="1" number="663"/>
						<line hits="1" number="666"/>
						<line hits="0" number="667"/>
						<line hits="1" number="675"/>
						<line hits="0" number="676"/>
						<line hits="0" number="677"/>
						<line hits="1" number="689"/>
						<line hits="0" number="691"/>
						<line hits="0" number="692"/>
						<line hits="0" number="693"/>
						<line hits="0" number="694"/>
						<line hits="0" number="695"/>
						<line hits="0" number="696"/>
						<line hits="0" number="697"/>
						<line hits="0" number="698"/>
						<line hits="0" number="699"/>
						<line hits="0" number="701"/>
						<line hits="0" number="702"/>
						<line hits="0" number="703"/>
						<line hits="0" number="704"/>
						<line hits="0" number="705"/>
						<line hits="0" number="706"/>
						<line hits="0" number="707"/>
						<line hits="0" number="709"/>
						<line hits="0" number="710"/>
						<line hits="0" number="711"/>
						<line hits="0" number="712"/>
						<line hits="1" number="718"/>
						<line hits="0" number="720"/>
						<line hits="0" number="721"/>
						<line hits="0" number="724"/>
						<line hits="0" number="725"/>
						<line hits="0" number="727"/>
						<line hits="0" number="729"/>
						<line hits="0" number="731"/>
						<line hits="1" number="734"/>
						<line hits="0" number="735"/>
						<line hits="1" number="743"/>
						<line hits="0" number="744"/>
						<line hits="0" number="745"/>
						<line hits="0" number="747"/>
						<line hits="0" number="748"/>
						<line hits="0" number="749"/>
						<line hits="0" number="750"/>
						<line hits="0" number="751"/>
						<line hits="0" number="752"/>
						<line hits="0" number="753"/>
						<line hits="0" number="754"/>
						<line hits="0" number="755"/>
						<line hits="1" number="760"/>
						<line hits="0" number="761"/>
						<line hits="0" number="762"/>
						<line hits="0" number="763"/>
						<line hits="0" number="764"/>
						<line hits="0" number="765"/>
						<line hits="0" number="766"/>
						<line hits="0" number="767"/>
						<line hits="0" number="768"/>
						<line hits="0" number="769"/>
						<line hits="1" number="774"/>
						<line hits="0" number="775"/>
						<line hits="1" number="778"/>
						<line hits="0" number="779"/>
					</lines>
				</class>
				<class branch-rate="0" complexity="0" filename="/home/tcohen/projet_communautaire/shinken/shinken/shinken/daterange.py" line-rate="0.2902" name="daterange">
					<methods/>
					<lines>
						<line hits="1" number="25"/>
						<line hits="1" number="27"/>
						<line hits="1" number="32"/>
						<line hits="0" number="34"/>
						<line hits="0" number="35"/>
						<line hits="0" number="36"/>
						<line hits="0" number="39"/>
						<line hits="0" number="40"/>
						<line hits="0" number="41"/>
						<line hits="0" number="44"/>
						<line hits="0" number="47"/>
						<line hits="0" number="48"/>
						<line hits="0" number="49"/>
						<line hits="0" number="52"/>
						<line hits="0" number="53"/>
						<line hits="0" number="54"/>
						<line hits="0" number="56"/>
						<line hits="0" number="57"/>
						<line hits="0" number="58"/>
						<line hits="0" number="59"/>
						<line hits="0" number="60"/>
						<line hits="0" number="61"/>
						<line hits="0" number="62"/>
						<line hits="1" number="65"/>
						<line hits="0" number="66"/>
						<line hits="0" number="67"/>
						<line hits="0" number="68"/>
						<line hits="0" number="69"/>
						<line hits="0" number="70"/>
						<line hits="0" number="71"/>
						<line hits="0" number="73"/>
						<line hits="1" number="76"/>
						<line hits="1" number="78"/>
						<line hits="1" number="79"/>
						<line hits="1" number="80"/>
						<line hits="1" number="81"/>
						<line hits="1" number="82"/>
						<line hits="1" number="83"/>
						<line hits="1" number="84"/>
						<line hits="1" number="85"/>
						<line hits="1" number="86"/>
						<line hits="1" number="87"/>
						<line hits="1" number="89"/>
						<line hits="0" number="90"/>
						<line hits="1" number="92"/>
						<line hits="0" number="93"/>
						<line hits="1" number="96"/>
						<line hits="0" number="98"/>
						<line hits="0" number="99"/>
						<line hits="0" number="100"/>
						<line hits="1" number="103"/>
						<line hits="1" number="104"/>
						<line hits="1" number="105"/>
						<line hits="1" number="109"/>
						<line hits="1" number="110"/>
						<line hits="1" number="112"/>
						<line hits="1" number="115"/>
						<line hits="0" number="117"/>
						<line hits="0" number="118"/>
						<line hits="0" number="119"/>
						<line hits="0" number="120"/>
						<line hits="0" number="121"/>
						<line hits="0" number="122"/>
						<line hits="0" number="123"/>
						<line hits="0" number="124"/>
						<line hits="0" number="125"/>
						<line hits="0" number="126"/>
						<line hits="0" number="127"/>
						<line hits="0" number="128"/>
						<line hits="0" number="129"/>
						<line hits="0" number="131"/>
						<line hits="0" number="132"/>
						<line hits="1" number="135"/>
						<line hits="0" number="136"/>
						<line hits="1" number="140"/>
						<line hits="0" number="141"/>
						<line hits="1" number="144"/>
						<line hits="0" number="145"/>
						<line hits="0" number="146"/>
						<line hits="0" number="147"/>
						<line hits="0" number="148"/>
						<line hits="1" number="149"/>
						<line hits="1" number="153"/>
						<line hits="0" number="154"/>
						<line hits="0" number="155"/>
						<line hits="0" number="156"/>
						<line hits="0" number="157"/>
						<line hits="0" number="158"/>
						<line hits="1" number="159"/>
						<line hits="1" number="162"/>
						<line hits="1" number="163"/>
						<line hits="1" number="164"/>
						<line hits="0" number="165"/>
						<line hits="0" number="166"/>
						<line hits="1" number="167"/>
						<line hits="1" number="170"/>
						<line hits="0" number="171"/>
						<line hits="0" number="172"/>
						<line hits="0" number="173"/>
						<line hits="0" number="174"/>
						<line hits="0" number="175"/>
						<line hits="1" number="176"/>
						<line hits="1" number="180"/>
						<line hits="0" number="181"/>
						<line hits="1" number="184"/>
						<line hits="1" number="186"/>
						<line hits="1" number="188"/>
						<line hits="1" number="190"/>
						<line hits="1" number="192"/>
						<line hits="1" number="193"/>
						<line hits="1" number="196"/>
						<line hits="0" number="197"/>
						<line hits="0" number="198"/>
						<line hits="0" number="199"/>
						<line hits="0" number="200"/>
						<line hits="1" number="203"/>
						<line hits="0" number="204"/>
						<line hits="0" number="205"/>
						<line hits="0" number="206"/>
						<line hits="0" number="207"/>
						<line hits="1" number="210"/>
						<line hits="0" number="211"/>
						<line hits="0" number="212"/>
						<line hits="0" number="213"/>
						<line hits="0" number="214"/>
						<line hits="0" number="215"/>
						<line hits="1" number="218"/>
						<line hits="1" number="219"/>
						<line hits="1" number="220"/>
						<line hits="1" number="221"/>
						<line hits="1" number="223"/>
						<line hits="1" number="226"/>
						<line hits="0" number="227"/>
						<line hits="0" number="228"/>
						<line hits="0" number="229"/>
						<line hits="0" number="231"/>
						<line hits="1" number="236"/>
						<line hits="1" number="238"/>
						<line hits="1" number="239"/>
						<line hits="1" number="240"/>
						<line hits="1" number="241"/>
						<line hits="1" number="242"/>
						<line hits="1" number="243"/>
						<line hits="1" number="244"/>
						<line hits="1" number="245"/>
						<line hits="1" number="247"/>
						<line hits="1" number="250"/>
						<line hits="0" number="252"/>
						<line hits="0" number="254"/>
						<line hits="0" number="255"/>
						<line hits="0" number="256"/>
						<line hits="0" number="257"/>
						<line hits="0" number="258"/>
						<line hits="0" number="259"/>
						<line hits="0" number="260"/>
						<line hits="0" number="261"/>
						<line hits="0" number="264"/>
						<line hits="0" number="265"/>
						<line hits="0" number="266"/>
						<line hits="0" number="267"/>
						<line hits="0" number="269"/>
						<line hits="1" number="272"/>
						<line hits="1" number="273"/>
						<line hits="1" number="275"/>
						<line hits="0" number="277"/>
						<line hits="1" number="279"/>
						<line hits="1" number="280"/>
						<line hits="0" number="282"/>
						<line hits="0" number="283"/>
						<line hits="0" number="284"/>
						<line hits="1" number="288"/>
						<line hits="1" number="291"/>
						<line hits="1" number="292"/>
						<line hits="1" number="296"/>
						<line hits="1" number="302"/>
						<line hits="1" number="303"/>
						<line hits="0" number="305"/>
						<line hits="1" number="308"/>
						<line hits="1" number="309"/>
						<line hits="1" number="310"/>
						<line hits="0" number="314"/>
						<line hits="0" number="315"/>
						<line hits="0" number="316"/>
						<line hits="0" number="317"/>
						<line hits="0" number="318"/>
						<line hits="0" number="321"/>
						<line hits="1" number="324"/>
						<line hits="0" number="327"/>
						<line hits="0" number="329"/>
						<line hits="0" number="331"/>
						<line hits="0" number="335"/>
						<line hits="0" number="338"/>
						<line hits="0" number="341"/>
						<line hits="0" number="348"/>
						<line hits="0" number="349"/>
						<line hits="0" number="351"/>
						<line hits="0" number="352"/>
						<line hits="0" number="354"/>
						<line hits="0" number="358"/>
						<line hits="0" number="360"/>
						<line hits="1" number="363"/>
						<line hits="0" number="364"/>
						<line hits="0" number="365"/>
						<line hits="0" number="368"/>
						<line hits="0" number="373"/>
						<line hits="0" number="374"/>
						<line hits="0" number="376"/>
						<line hits="0" number="385"/>
						<line hits="0" number="386"/>
						<line hits="0" number="390"/>
						<line hits="0" number="391"/>
						<line hits="0" number="395"/>
						<line hits="0" number="396"/>
						<line hits="0" number="397"/>
						<line hits="0" number="398"/>
						<line hits="0" number="399"/>
						<line hits="0" number="401"/>
						<line hits="0" number="402"/>
						<line hits="0" number="405"/>
						<line hits="1" number="411"/>
						<line hits="1" number="412"/>
						<line hits="0" number="413"/>
						<line hits="0" number="414"/>
						<line hits="0" number="415"/>
						<line hits="1" number="420"/>
						<line hits="1" number="421"/>
						<line hits="1" number="422"/>
						<line hits="1" number="423"/>
						<line hits="1" number="425"/>
						<line hits="1" number="426"/>
						<line hits="1" number="427"/>
						<line hits="1" number="431"/>
						<line hits="1" number="432"/>
						<line hits="1" number="433"/>
						<line hits="0" number="434"/>
						<line hits="1" number="435"/>
						<line hits="1" number="438"/>
						<line hits="1" number="439"/>
						<line hits="1" number="440"/>
						<line hits="1" number="441"/>
						<line hits="1" number="444"/>
						<line hits="1" number="445"/>
						<line hits="1" number="446"/>
						<line hits="1" number="447"/>
						<line hits="1" number="448"/>
						<line hits="1" number="449"/>
						<line hits="1" number="453"/>
						<line hits="1" number="455"/>
						<line hits="0" number="456"/>
						<line hits="0" number="457"/>
						<line hits="0" number="458"/>
						<line hits="0" number="459"/>
						<line hits="0" number="461"/>
						<line hits="0" number="462"/>
						<line hits="0" number="463"/>
						<line hits="0" number="465"/>
						<line hits="1" number="468"/>
						<line hits="0" number="469"/>
						<line hits="0" number="471"/>
						<line hits="0" number="472"/>
						<line hits="0" number="473"/>
						<line hits="0" number="474"/>
						<line hits="0" number="475"/>
						<line hits="0" number="477"/>
						<line hits="0" number="478"/>
						<line hits="0" number="479"/>
						<line hits="0" number="480"/>
						<line hits="0" number="481"/>
						<line hits="0" number="483"/>
						<line hits="0" number="484"/>
						<line hits="0" number="485"/>
						<line hits="0" number="486"/>
						<line hits="0" number="487"/>
						<line hits="0" number="489"/>
						<line hits="0" number="490"/>
						<line hits="0" number="492"/>
						<line hits="0" number="493"/>
						<line hits="0" number="494"/>
						<line hits="0" number="495"/>
						<line hits="0" number="496"/>
						<line hits="0" number="498"/>
						<line hits="1" number="502"/>
						<line hits="1" number="503"/>
						<line hits="0" number="504"/>
						<line hits="0" number="505"/>
						<line hits="0" number="506"/>
						<line hits="0" number="507"/>
						<line hits="0" number="508"/>
						<line hits="0" number="509"/>
						<line hits="0" number="511"/>
						<line hits="0" number="512"/>
						<line hits="0" number="513"/>
						<line hits="0" number="514"/>
						<line hits="0" number="515"/>
						<line hits="0" number="517"/>
						<line hits="0" number="518"/>
						<line hits="0" number="519"/>
						<line hits="0" number="520"/>
						<line hits="0" number="521"/>
						<line hits="0" number="523"/>
						<line hits="0" number="524"/>
						<line hits="0" number="526"/>
						<line hits="0" number="527"/>
						<line hits="0" number="528"/>
						<line hits="0" number="529"/>
						<line hits="0" number="530"/>
						<line hits="0" number="532"/>
						<line hits="1" number="536"/>
						<line hits="1" number="537"/>
						<line hits="0" number="538"/>
						<line hits="0" number="541"/>
						<line hits="0" number="542"/>
						<line hits="0" number="543"/>
						<line hits="0" number="544"/>
						<line hits="0" number="545"/>
						<line hits="0" number="546"/>
						<line hits="0" number="549"/>
						<line hits="0" number="550"/>
						<line hits="0" number="551"/>
						<line hits="0" number="552"/>
						<line hits="0" number="553"/>
						<line hits="0" number="554"/>
						<line hits="0" number="558"/>
						<line hits="0" number="559"/>
						<line hits="0" number="560"/>
						<line hits="0" number="561"/>
						<line hits="0" number="562"/>
						<line hits="0" number="563"/>
						<line hits="0" number="564"/>
						<line hits="0" number="565"/>
						<line hits="0" number="567"/>
						<line hits="0" number="569"/>
						<line hits="0" number="570"/>
						<line hits="0" number="571"/>
						<line hits="0" number="572"/>
						<line hits="0" number="573"/>
						<line hits="0" number="574"/>
						<line hits="0" number="575"/>
						<line hits="0" number="576"/>
						<line hits="0" number="577"/>
						<line hits="0" number="579"/>
						<line hits="0" number="580"/>
						<line hits="0" number="581"/>
						<line hits="0" number="583"/>
						<line hits="0" number="584"/>
						<line hits="0" number="585"/>
						<line hits="0" number="587"/>
						<line hits="1" number="591"/>
						<line hits="1" number="592"/>
						<line hits="0" number="593"/>
						<line hits="0" number="594"/>
						<line hits="0" number="595"/>
						<line hits="0" number="596"/>
						<line hits="0" number="597"/>
						<line hits="0" number="598"/>
						<line hits="0" number="599"/>
						<line hits="0" number="601"/>
						<line hits="0" number="602"/>
						<line hits="0" number="603"/>
						<line hits="0" number="604"/>
						<line hits="0" number="605"/>
						<line hits="0" number="606"/>
						<line hits="0" number="608"/>
						<line hits="0" number="610"/>
						<line hits="0" number="611"/>
						<line hits="0" number="612"/>
						<line hits="0" number="613"/>
						<line hits="0" number="614"/>
						<line hits="0" number="615"/>
						<line hits="0" number="616"/>
						<line hits="0" number="618"/>
						<line hits="0" number="619"/>
						<line hits="0" number="620"/>
						<line hits="0" number="621"/>
						<line hits="0" number="622"/>
						<line hits="0" number="623"/>
						<line hits="0" number="624"/>
						<line hits="0" number="625"/>
						<line hits="0" number="626"/>
						<line hits="0" number="629"/>
						<line hits="0" number="630"/>
						<line hits="0" number="631"/>
						<line hits="0" number="634"/>
						<line hits="0" number="635"/>
						<line hits="0" number="636"/>
						<line hits="0" number="638"/>
					</lines>
				</class>
				<class branch-rate="0" complexity="0" filename="/home/tcohen/projet_communautaire/shinken/shinken/shinken/db.py" line-rate="0.1045" name="db">
					<methods/>
					<lines>
						<line hits="1" number="26"/>
						<line hits="1" number="27"/>
						<line hits="1" number="28"/>
						<line hits="0" number="29"/>
						<line hits="1" number="32"/>
						<line hits="0" number="34"/>
						<line hits="0" number="35"/>
						<line hits="0" number="36"/>
						<line hits="0" number="37"/>
						<line hits="0" number="39"/>
						<line hits="0" number="40"/>
						<line hits="0" number="41"/>
						<line hits="1" number="45"/>
						<line hits="0" number="46"/>
						<line hits="0" number="47"/>
						<line hits="0" number="48"/>
						<line hits="0" number="49"/>
						<line hits="0" number="50"/>
						<line hits="0" number="51"/>
						<line hits="0" number="52"/>
						<line hits="0" number="54"/>
						<line hits="0" number="55"/>
						<line hits="0" number="56"/>
						<line hits="0" number="58"/>
						<line hits="0" number="61"/>
						<line hits="0" number="63"/>
						<line hits="0" number="64"/>
						<line hits="0" number="65"/>
						<line hits="0" number="67"/>
						<line hits="0" number="68"/>
						<line hits="0" number="71"/>
						<line hits="0" number="72"/>
						<line hits="0" number="73"/>
						<line hits="0" number="74"/>
						<line hits="1" number="79"/>
						<line hits="0" number="80"/>
						<line hits="0" number="83"/>
						<line hits="0" number="84"/>
						<line hits="0" number="85"/>
						<line hits="0" number="88"/>
						<line hits="0" number="89"/>
						<line hits="0" number="90"/>
						<line hits="0" number="92"/>
						<line hits="0" number="93"/>
						<line hits="0" number="94"/>
						<line hits="0" number="96"/>
						<line hits="0" number="99"/>
						<line hits="0" number="101"/>
						<line hits="0" number="102"/>
						<line hits="0" number="104"/>
						<line hits="0" number="107"/>
						<line hits="0" number="108"/>
						<line hits="0" number="109"/>
						<line hits="0" number="110"/>
						<line hits="0" number="111"/>
						<line hits="0" number="113"/>
						<line hits="0" number="114"/>
						<line hits="0" number="115"/>
						<line hits="0" number="117"/>
						<line hits="0" number="121"/>
						<line hits="0" number="123"/>
						<line hits="0" number="124"/>
						<line hits="0" number="126"/>
						<line hits="0" number="128"/>
						<line hits="0" number="129"/>
						<line hits="1" number="133"/>
						<line hits="0" number="134"/>
					</lines>
				</class>
				<class branch-rate="0" complexity="0" filename="/home/tcohen/projet_communautaire/shinken/shinken/shinken/db_mysql.py" line-rate="0.3103" name="db_mysql">
					<methods/>
					<lines>
						<line hits="1" number="27"/>
						<line hits="1" number="29"/>
						<line hits="1" number="30"/>
						<line hits="1" number="31"/>
						<line hits="1" number="34"/>
						<line hits="1" number="37"/>
						<line hits="1" number="38"/>
						<line hits="0" number="39"/>
						<line hits="0" number="40"/>
						<line hits="0" number="41"/>
						<line hits="0" number="42"/>
						<line hits="0" number="43"/>
						<line hits="0" number="44"/>
						<line hits="0" number="45"/>
						<line hits="1" number="51"/>
						<line hits="0" number="53"/>
						<line hits="0" number="56"/>
						<line hits="0" number="57"/>
						<line hits="0" number="58"/>
						<line hits="0" number="59"/>
						<line hits="0" number="60"/>
						<line hits="1" number="66"/>
						<line hits="0" number="68"/>
						<line hits="0" number="69"/>
						<line hits="0" number="70"/>
						<line hits="0" number="71"/>
						<line hits="0" number="72"/>
						<line hits="0" number="73"/>
						<line hits="0" number="74"/>
					</lines>
				</class>
				<class branch-rate="0" complexity="0" filename="/home/tcohen/projet_communautaire/shinken/shinken/shinken/dependencynode.py" line-rate="0.07018" name="dependencynode">
					<methods/>
					<lines>
						<line hits="1" number="28"/>
						<line hits="1" number="34"/>
						<line hits="1" number="35"/>
						<line hits="0" number="36"/>
						<line hits="0" number="37"/>
						<line hits="0" number="39"/>
						<line hits="0" number="40"/>
						<line hits="0" number="41"/>
						<line hits="0" number="42"/>
						<line hits="1" number="44"/>
						<line hits="0" number="45"/>
						<line hits="1" number="50"/>
						<line hits="0" number="55"/>
						<line hits="0" number="56"/>
						<line hits="0" number="59"/>
						<line hits="0" number="60"/>
						<line hits="0" number="62"/>
						<line hits="0" number="64"/>
						<line hits="0" number="65"/>
						<line hits="0" number="66"/>
						<line hits="0" number="67"/>
						<line hits="0" number="69"/>
						<line hits="0" number="70"/>
						<line hits="0" number="72"/>
						<line hits="0" number="73"/>
						<line hits="0" number="74"/>
						<line hits="0" number="77"/>
						<line hits="0" number="78"/>
						<line hits="0" number="79"/>
						<line hits="0" number="80"/>
						<line hits="0" number="83"/>
						<line hits="0" number="93"/>
						<line hits="0" number="94"/>
						<line hits="0" number="95"/>
						<line hits="0" number="98"/>
						<line hits="0" number="99"/>
						<line hits="0" number="101"/>
						<line hits="0" number="105"/>
						<line hits="0" number="108"/>
						<line hits="0" number="110"/>
						<line hits="0" number="116"/>
						<line hits="0" number="117"/>
						<line hits="0" number="118"/>
						<line hits="0" number="121"/>
						<line hits="0" number="122"/>
						<line hits="0" number="123"/>
						<line hits="0" number="131"/>
						<line hits="0" number="132"/>
						<line hits="0" number="133"/>
						<line hits="0" number="138"/>
						<line hits="0" number="139"/>
						<line hits="0" number="141"/>
						<line hits="0" number="142"/>
						<line hits="0" number="144"/>
						<line hits="0" number="145"/>
						<line hits="0" number="150"/>
						<line hits="0" number="152"/>
						<line hits="0" number="155"/>
[...]
						<line hits="0" number="111"/>
						<line hits="0" number="112"/>
						<line hits="1" number="116"/>
						<line hits="0" number="117"/>
						<line hits="1" number="120"/>
						<line hits="0" number="121"/>
						<line hits="1" number="125"/>
						<line hits="1" number="126"/>
						<line hits="1" number="127"/>
						<line hits="1" number="131"/>
						<line hits="1" number="132"/>
						<line hits="0" number="133"/>
						<line hits="0" number="135"/>
						<line hits="0" number="136"/>
						<line hits="0" number="137"/>
						<line hits="0" number="138"/>
						<line hits="0" number="139"/>
						<line hits="0" number="141"/>
						<line hits="1" number="143"/>
						<line hits="0" number="144"/>
						<line hits="0" number="146"/>
						<line hits="0" number="147"/>
						<line hits="0" number="148"/>
					</lines>
				</class>
				<class branch-rate="0" complexity="0" filename="/home/tcohen/projet_communautaire/shinken/shinken/shinken/objects/servicegroup.py" line-rate="0.6627" name="servicegroup">
					<methods/>
					<lines>
						<line hits="1" number="24"/>
						<line hits="1" number="26"/>
						<line hits="1" number="28"/>
						<line hits="1" number="29"/>
						<line hits="1" number="30"/>
						<line hits="1" number="32"/>
						<line hits="1" number="33"/>
						<line hits="1" number="42"/>
						<line hits="1" number="51"/>
						<line hits="1" number="52"/>
						<line hits="1" number="53"/>
						<line hits="0" number="55"/>
						<line hits="1" number="58"/>
						<line hits="1" number="59"/>
						<line hits="1" number="62"/>
						<line hits="0" number="63"/>
						<line hits="0" number="64"/>
						<line hits="0" number="66"/>
						<line hits="1" number="72"/>
						<line hits="0" number="75"/>
						<line hits="0" number="81"/>
						<line hits="0" number="82"/>
						<line hits="0" number="83"/>
						<line hits="0" number="84"/>
						<line hits="0" number="86"/>
						<line hits="0" number="88"/>
						<line hits="0" number="90"/>
						<line hits="0" number="91"/>
						<line hits="0" number="92"/>
						<line hits="0" number="93"/>
						<line hits="0" number="94"/>
						<line hits="0" number="95"/>
						<line hits="0" number="96"/>
						<line hits="0" number="98"/>
						<line hits="0" number="99"/>
						<line hits="0" number="101"/>
						<line hits="1" number="105"/>
						<line hits="1" number="106"/>
						<line hits="1" number="107"/>
						<line hits="1" number="109"/>
						<line hits="1" number="110"/>
						<line hits="1" number="117"/>
						<line hits="1" number="118"/>
						<line hits="1" number="119"/>
						<line hits="1" number="122"/>
						<line hits="1" number="123"/>
						<line hits="1" number="124"/>
						<line hits="1" number="125"/>
						<line hits="0" number="126"/>
						<line hits="1" number="128"/>
						<line hits="1" number="129"/>
						<line hits="1" number="130"/>
						<line hits="1" number="132"/>
						<line hits="1" number="133"/>
						<line hits="1" number="134"/>
						<line hits="1" number="135"/>
						<line hits="0" number="137"/>
						<line hits="1" number="138"/>
						<line hits="1" number="141"/>
						<line hits="1" number="144"/>
						<line hits="1" number="145"/>
						<line hits="1" number="146"/>
						<line hits="1" number="148"/>
						<line hits="1" number="153"/>
						<line hits="1" number="154"/>
						<line hits="1" number="156"/>
						<line hits="0" number="157"/>
						<line hits="0" number="158"/>
						<line hits="1" number="160"/>
						<line hits="1" number="164"/>
						<line hits="1" number="167"/>
						<line hits="1" number="168"/>
						<line hits="1" number="170"/>
						<line hits="1" number="171"/>
						<line hits="0" number="174"/>
						<line hits="0" number="175"/>
						<line hits="0" number="176"/>
						<line hits="1" number="179"/>
						<line hits="1" number="180"/>
						<line hits="1" number="181"/>
						<line hits="1" number="182"/>
						<line hits="1" number="183"/>
						<line hits="1" number="184"/>
					</lines>
				</class>
				<class branch-rate="0" complexity="0" filename="/home/tcohen/projet_communautaire/shinken/shinken/shinken/objects/timeperiod.py" line-rate="0.3977" name="timeperiod">
					<methods/>
					<lines>
						<line hits="1" number="73"/>
						<line hits="1" number="74"/>
						<line hits="1" number="76"/>
						<line hits="1" number="78"/>
						<line hits="1" number="79"/>
						<line hits="1" number="80"/>
						<line hits="1" number="81"/>
						<line hits="1" number="82"/>
						<line hits="1" number="85"/>
						<line hits="1" number="86"/>
						<line hits="1" number="87"/>
						<line hits="1" number="89"/>
						<line hits="1" number="90"/>
						<line hits="1" number="103"/>
						<line hits="1" number="104"/>
						<line hits="1" number="105"/>
						<line hits="1" number="106"/>
						<line hits="1" number="107"/>
						<line hits="1" number="108"/>
						<line hits="1" number="109"/>
						<line hits="1" number="110"/>
						<line hits="1" number="111"/>
						<line hits="1" number="112"/>
						<line hits="1" number="113"/>
						<line hits="1" number="114"/>
						<line hits="1" number="116"/>
						<line hits="1" number="118"/>
						<line hits="1" number="119"/>
						<line hits="1" number="120"/>
						<line hits="1" number="121"/>
						<line hits="1" number="123"/>
						<line hits="1" number="126"/>
						<line hits="1" number="127"/>
						<line hits="1" number="132"/>
						<line hits="1" number="135"/>
						<line hits="0" number="136"/>
						<line hits="1" number="140"/>
						<line hits="1" number="141"/>
						<line hits="1" number="142"/>
						<line hits="0" number="143"/>
						<line hits="0" number="144"/>
						<line hits="1" number="145"/>
						<line hits="1" number="146"/>
						<line hits="1" number="147"/>
						<line hits="0" number="148"/>
						<line hits="1" number="152"/>
						<line hits="0" number="153"/>
						<line hits="0" number="154"/>
						<line hits="0" number="155"/>
						<line hits="0" number="156"/>
						<line hits="1" number="160"/>
						<line hits="0" number="161"/>
						<line hits="1" number="164"/>
						<line hits="1" number="165"/>
						<line hits="1" number="166"/>
						<line hits="1" number="167"/>
						<line hits="1" number="168"/>
						<line hits="1" number="171"/>
						<line hits="0" number="172"/>
						<line hits="0" number="173"/>
						<line hits="0" number="174"/>
						<line hits="0" number="175"/>
						<line hits="1" number="182"/>
						<line hits="0" number="183"/>
						<line hits="0" number="185"/>
						<line hits="0" number="186"/>
						<line hits="0" number="189"/>
						<line hits="0" number="190"/>
						<line hits="0" number="191"/>
						<line hits="0" number="193"/>
						<line hits="0" number="194"/>
						<line hits="0" number="195"/>
						<line hits="0" number="196"/>
						<line hits="0" number="197"/>
						<line hits="0" number="198"/>
						<line hits="0" number="201"/>
						<line hits="1" number="208"/>
						<line hits="0" number="209"/>
						<line hits="0" number="210"/>
						<line hits="0" number="211"/>
						<line hits="0" number="212"/>
						<line hits="0" number="213"/>
						<line hits="0" number="214"/>
						<line hits="0" number="215"/>
						<line hits="0" number="218"/>
						<line hits="0" number="219"/>
						<line hits="0" number="220"/>
						<line hits="0" number="221"/>
						<line hits="0" number="222"/>
						<line hits="0" number="223"/>
						<line hits="1" number="227"/>
						<line hits="1" number="229"/>
						<line hits="1" number="230"/>
						<line hits="1" number="234"/>
						<line hits="1" number="235"/>
						<line hits="1" number="236"/>
						<line hits="1" number="238"/>
						<line hits="1" number="240"/>
						<line hits="1" number="242"/>
						<line hits="1" number="245"/>
						<line hits="1" number="246"/>
						<line hits="1" number="247"/>
						<line hits="1" number="254"/>
						<line hits="1" number="255"/>
						<line hits="0" number="256"/>
						<line hits="0" number="257"/>
						<line hits="1" number="265"/>
						<line hits="1" number="268"/>
						<line hits="1" number="270"/>
						<line hits="0" number="272"/>
						<line hits="0" number="273"/>
						<line hits="0" number="276"/>
						<line hits="1" number="285"/>
						<line hits="0" number="286"/>
						<line hits="1" number="288"/>
						<line hits="1" number="290"/>
						<line hits="0" number="291"/>
						<line hits="0" number="292"/>
						<line hits="1" number="295"/>
						<line hits="1" number="296"/>
						<line hits="1" number="299"/>
						<line hits="0" number="301"/>
						<line hits="0" number="302"/>
						<line hits="0" number="303"/>
						<line hits="0" number="306"/>
						<line hits="0" number="307"/>
						<line hits="0" number="308"/>
						<line hits="0" number="311"/>
						<line hits="0" number="312"/>
						<line hits="0" number="314"/>
						<line hits="0" number="315"/>
						<line hits="0" number="317"/>
						<line hits="0" number="320"/>
						<line hits="0" number="325"/>
						<line hits="0" number="328"/>
						<line hits="0" number="331"/>
						<line hits="0" number="335"/>
						<line hits="0" number="351"/>
						<line hits="0" number="352"/>
						<line hits="0" number="365"/>
						<line hits="0" number="366"/>
						<line hits="0" number="369"/>
						<line hits="0" number="370"/>
						<line hits="0" number="372"/>
						<line hits="0" number="374"/>
						<line hits="0" number="375"/>
						<line hits="0" number="378"/>
						<line hits="0" number="380"/>
						<line hits="0" number="382"/>
						<line hits="0" number="383"/>
						<line hits="0" number="385"/>
						<line hits="0" number="387"/>
						<line hits="0" number="388"/>
						<line hits="0" number="389"/>
						<line hits="0" number="391"/>
						<line hits="0" number="393"/>
						<line hits="0" number="394"/>
						<line hits="0" number="398"/>
						<line hits="0" number="399"/>
						<line hits="1" number="402"/>
						<line hits="1" number="403"/>
						<line hits="1" number="408"/>
						<line hits="1" number="409"/>
						<line hits="1" number="410"/>
						<line hits="1" number="411"/>
						<line hits="1" number="414"/>
						<line hits="0" number="415"/>
						<line hits="0" number="416"/>
						<line hits="1" number="417"/>
						<line hits="1" number="420"/>
						<line hits="0" number="421"/>
						<line hits="0" number="422"/>
						<line hits="0" number="423"/>
						<line hits="0" number="424"/>
						<line hits="0" number="425"/>
						<line hits="0" number="426"/>
						<line hits="0" number="427"/>
						<line hits="0" number="428"/>
						<line hits="0" number="429"/>
						<line hits="0" number="430"/>
						<line hits="0" number="431"/>
						<line hits="0" number="433"/>
						<line hits="1" number="436"/>
						<line hits="1" number="439"/>
						<line hits="1" number="440"/>
						<line hits="0" number="442"/>
						<line hits="0" number="443"/>
						<line hits="0" number="444"/>
						<line hits="1" number="446"/>
						<line hits="1" number="447"/>
						<line hits="0" number="449"/>
						<line hits="0" number="450"/>
						<line hits="0" number="451"/>
						<line hits="0" number="452"/>
						<line hits="0" number="453"/>
						<line hits="0" number="454"/>
						<line hits="1" number="456"/>
						<line hits="1" number="457"/>
						<line hits="0" number="459"/>
						<line hits="0" number="460"/>
						<line hits="0" number="461"/>
						<line hits="1" number="463"/>
						<line hits="1" number="464"/>
						<line hits="0" number="466"/>
						<line hits="0" number="467"/>
						<line hits="0" number="468"/>
						<line hits="0" number="469"/>
						<line hits="0" number="470"/>
						<line hits="0" number="471"/>
						<line hits="1" number="473"/>
						<line hits="1" number="474"/>
						<line hits="0" number="476"/>
						<line hits="0" number="477"/>
						<line hits="0" number="478"/>
						<line hits="1" number="480"/>
						<line hits="1" number="481"/>
						<line hits="0" number="483"/>
						<line hits="0" number="484"/>
						<line hits="0" number="485"/>
						<line hits="0" number="486"/>
						<line hits="0" number="487"/>
						<line hits="0" number="488"/>
						<line hits="0" number="489"/>
						<line hits="0" number="490"/>
						<line hits="0" number="491"/>
						<line hits="0" number="492"/>
						<line hits="0" number="493"/>
						<line hits="0" number="494"/>
						<line hits="0" number="495"/>
						<line hits="0" number="496"/>
						<line hits="0" number="497"/>
						<line hits="0" number="498"/>
						<line hits="1" number="500"/>
						<line hits="1" number="501"/>
						<line hits="0" number="503"/>
						<line hits="0" number="504"/>
						<line hits="0" number="505"/>
						<line hits="0" number="506"/>
						<line hits="0" number="507"/>
						<line hits="0" number="508"/>
						<line hits="0" number="509"/>
						<line hits="0" number="510"/>
						<line hits="0" number="511"/>
						<line hits="0" number="512"/>
						<line hits="0" number="513"/>
						<line hits="0" number="514"/>
						<line hits="0" number="515"/>
						<line hits="0" number="516"/>
						<line hits="0" number="517"/>
						<line hits="0" number="518"/>
						<line hits="1" number="521"/>
						<line hits="1" number="522"/>
						<line hits="0" number="524"/>
						<line hits="0" number="526"/>
						<line hits="0" number="527"/>
						<line hits="1" number="530"/>
						<line hits="1" number="531"/>
						<line hits="0" number="533"/>
						<line hits="0" number="534"/>
						<line hits="0" number="535"/>
						<line hits="0" number="536"/>
						<line hits="0" number="537"/>
						<line hits="0" number="538"/>
						<line hits="0" number="539"/>
						<line hits="0" number="540"/>
						<line hits="0" number="541"/>
						<line hits="0" number="542"/>
						<line hits="0" number="543"/>
						<line hits="0" number="544"/>
						<line hits="0" number="545"/>
						<line hits="0" number="546"/>
						<line hits="0" number="547"/>
						<line hits="0" number="548"/>
						<line hits="1" number="550"/>
						<line hits="1" number="551"/>
						<line hits="0" number="553"/>
						<line hits="0" number="554"/>
						<line hits="0" number="555"/>
						<line hits="0" number="556"/>
						<line hits="0" number="557"/>
						<line hits="0" number="558"/>
						<line hits="0" number="559"/>
						<line hits="0" number="560"/>
						<line hits="0" number="561"/>
						<line hits="0" number="562"/>
						<line hits="0" number="563"/>
						<line hits="0" number="564"/>
						<line hits="0" number="565"/>
						<line hits="0" number="566"/>
						<line hits="0" number="567"/>
						<line hits="0" number="568"/>
						<line hits="1" number="570"/>
						<line hits="1" number="571"/>
						<line hits="0" number="573"/>
						<line hits="0" number="574"/>
						<line hits="0" number="575"/>
						<line hits="0" number="576"/>
						<line hits="0" number="577"/>
						<line hits="0" number="578"/>
						<line hits="0" number="579"/>
						<line hits="0" number="580"/>
						<line hits="0" number="581"/>
						<line hits="1" number="583"/>
						<line hits="1" number="584"/>
						<line hits="0" number="586"/>
						<line hits="0" number="587"/>
						<line hits="0" number="588"/>
						<line hits="0" number="589"/>
						<line hits="0" number="590"/>
						<line hits="0" number="591"/>
						<line hits="0" number="592"/>
						<line hits="0" number="593"/>
						<line hits="0" number="594"/>
						<line hits="0" number="595"/>
						<line hits="0" number="596"/>
						<line hits="0" number="597"/>
						<line hits="0" number="598"/>
						<line hits="0" number="599"/>
						<line hits="0" number="600"/>
						<line hits="0" number="601"/>
						<line hits="0" number="602"/>
						<line hits="0" number="603"/>
						<line hits="1" number="605"/>
						<line hits="1" number="606"/>
						<line hits="1" number="608"/>
						<line hits="1" number="609"/>
						<line hits="1" number="610"/>
						<line hits="1" number="611"/>
						<line hits="1" number="612"/>
						<line hits="0" number="613"/>
						<line hits="0" number="614"/>
						<line hits="1" number="617"/>
						<line hits="0" number="618"/>
						<line hits="1" number="622"/>
						<line hits="1" number="623"/>
						<line hits="1" number="625"/>
						<line hits="1" number="626"/>
						<line hits="1" number="630"/>
						<line hits="1" number="631"/>
						<line hits="1" number="632"/>
						<line hits="0" number="633"/>
						<line hits="0" number="634"/>
						<line hits="0" number="635"/>
						<line hits="0" number="637"/>
						<line hits="0" number="638"/>
						<line hits="0" number="639"/>
						<line hits="0" number="640"/>
						<line hits="0" number="642"/>
						<line hits="1" number="643"/>
						<line hits="1" number="646"/>
						<line hits="1" number="647"/>
						<line hits="0" number="648"/>
						<line hits="0" number="649"/>
						<line hits="1" number="650"/>
						<line hits="1" number="651"/>
						<line hits="0" number="652"/>
						<line hits="1" number="653"/>
						<line hits="1" number="656"/>
						<line hits="1" number="657"/>
						<line hits="1" number="659"/>
						<line hits="1" number="662"/>
						<line hits="1" number="663"/>
						<line hits="1" number="664"/>
						<line hits="0" number="665"/>
						<line hits="0" number="666"/>
						<line hits="1" number="670"/>
						<line hits="1" number="671"/>
						<line hits="1" number="672"/>
						<line hits="1" number="673"/>
						<line hits="1" number="675"/>
						<line hits="1" number="676"/>
						<line hits="1" number="677"/>
						<line hits="1" number="681"/>
						<line hits="1" number="682"/>
						<line hits="1" number="683"/>
						<line hits="1" number="686"/>
						<line hits="1" number="687"/>
						<line hits="1" number="688"/>
						<line hits="1" number="689"/>
						<line hits="1" number="692"/>
						<line hits="1" number="693"/>
						<line hits="1" number="694"/>
						<line hits="1" number="695"/>
						<line hits="1" number="698"/>
						<line hits="1" number="700"/>
						<line hits="1" number="701"/>
						<line hits="1" number="702"/>
						<line hits="1" number="706"/>
						<line hits="1" number="707"/>
						<line hits="1" number="711"/>
						<line hits="1" number="712"/>
						<line hits="1" number="715"/>
						<line hits="1" number="716"/>
						<line hits="1" number="718"/>
						<line hits="1" number="719"/>
						<line hits="1" number="720"/>
						<line hits="1" number="721"/>
						<line hits="1" number="724"/>
						<line hits="1" number="725"/>
						<line hits="1" number="728"/>
						<line hits="1" number="729"/>
						<line hits="1" number="732"/>
						<line hits="1" number="736"/>
						<line hits="0" number="737"/>
						<line hits="0" number="738"/>
						<line hits="0" number="770"/>
						<line hits="0" number="771"/>
						<line hits="0" number="772"/>
						<line hits="0" number="773"/>
						<line hits="0" number="774"/>
						<line hits="0" number="775"/>
						<line hits="0" number="779"/>
						<line hits="0" number="781"/>
						<line hits="0" number="782"/>
						<line hits="0" number="783"/>
						<line hits="0" number="785"/>
						<line hits="0" number="788"/>
						<line hits="0" number="790"/>
						<line hits="0" number="791"/>
						<line hits="0" number="792"/>
						<line hits="0" number="793"/>
						<line hits="0" number="794"/>
						<line hits="0" number="796"/>
						<line hits="0" number="797"/>
						<line hits="0" number="798"/>
						<line hits="0" number="799"/>
						<line hits="0" number="802"/>
						<line hits="0" number="803"/>
						<line hits="0" number="804"/>
						<line hits="0" number="805"/>
						<line hits="0" number="807"/>
						<line hits="0" number="808"/>
						<line hits="0" number="809"/>
						<line hits="0" number="810"/>
						<line hits="0" number="811"/>
					</lines>
				</class>
			</classes>
		</package>
	</packages>
</coverage>
