<?xml version="1.0" encoding="UTF-8"?><testsuite name="nosetests" tests="6" errors="0" failures="0" skip="0"><testcase classname="test_db_mysql.TestConfig" name="test_connect_database" time="0.102" /><testcase classname="test_db_mysql.TestConfig" name="test_execute_query" time="0.057" /><testcase classname="test_host_extented_info.TestConfig" name="test_dummy" time="0.053" /><testcase classname="test_livestatus_cache.TestConfigBig" name="test_a_long_history" time="112.421" /><testcase classname="test_livestatus_cache.TestConfigBig" name="test_stats" time="9.411" /><testcase classname="test_livestatus_perf.TestConfigCrazy" name="test_perf" time="128.450" /></testsuite>